{"/Users/estherdamakahindi/Desktop/projects/Checkpoints/CheckPoint3/doc-api/server.js":{"path":"/Users/estherdamakahindi/Desktop/projects/Checkpoints/CheckPoint3/doc-api/server.js","s":{"1":1,"2":1,"3":1,"4":1,"5":1,"6":1,"7":1,"8":1,"9":1,"10":1,"11":1,"12":1,"13":1,"14":1,"15":1,"16":0,"17":1,"18":1,"19":1,"20":1,"21":0,"22":0,"23":0,"24":1},"b":{"1":[1,1],"2":[0,1],"3":[0,0]},"f":{"1":1,"2":0},"fnMap":{"1":{"name":"(anonymous_1)","line":18,"loc":{"start":{"line":18,"column":28},"end":{"line":18,"column":43}}},"2":{"name":"onStart","line":29,"loc":{"start":{"line":29,"column":17},"end":{"line":29,"column":39}}}},"statementMap":{"1":{"start":{"line":1,"column":0},"end":{"line":1,"column":33}},"2":{"start":{"line":2,"column":0},"end":{"line":2,"column":40}},"3":{"start":{"line":3,"column":0},"end":{"line":3,"column":35}},"4":{"start":{"line":5,"column":0},"end":{"line":5,"column":43}},"5":{"start":{"line":6,"column":0},"end":{"line":6,"column":52}},"6":{"start":{"line":7,"column":0},"end":{"line":7,"column":44}},"7":{"start":{"line":8,"column":0},"end":{"line":8,"column":44}},"8":{"start":{"line":10,"column":0},"end":{"line":10,"column":20}},"9":{"start":{"line":11,"column":0},"end":{"line":11,"column":33}},"10":{"start":{"line":12,"column":0},"end":{"line":12,"column":50}},"11":{"start":{"line":13,"column":0},"end":{"line":13,"column":27}},"12":{"start":{"line":16,"column":0},"end":{"line":16,"column":36}},"13":{"start":{"line":17,"column":0},"end":{"line":17,"column":34}},"14":{"start":{"line":18,"column":0},"end":{"line":22,"column":3}},"15":{"start":{"line":19,"column":1},"end":{"line":21,"column":2}},"16":{"start":{"line":20,"column":2},"end":{"line":20,"column":48}},"17":{"start":{"line":25,"column":0},"end":{"line":25,"column":23}},"18":{"start":{"line":26,"column":0},"end":{"line":26,"column":27}},"19":{"start":{"line":27,"column":0},"end":{"line":27,"column":23}},"20":{"start":{"line":29,"column":0},"end":{"line":34,"column":3}},"21":{"start":{"line":30,"column":2},"end":{"line":32,"column":3}},"22":{"start":{"line":31,"column":4},"end":{"line":31,"column":21}},"23":{"start":{"line":33,"column":2},"end":{"line":33,"column":89}},"24":{"start":{"line":36,"column":0},"end":{"line":36,"column":21}}},"branchMap":{"1":{"line":16,"type":"binary-expr","locations":[{"start":{"line":16,"column":11},"end":{"line":16,"column":27}},{"start":{"line":16,"column":31},"end":{"line":16,"column":35}}]},"2":{"line":19,"type":"if","locations":[{"start":{"line":19,"column":1},"end":{"line":19,"column":1}},{"start":{"line":19,"column":1},"end":{"line":19,"column":1}}]},"3":{"line":30,"type":"if","locations":[{"start":{"line":30,"column":2},"end":{"line":30,"column":2}},{"start":{"line":30,"column":2},"end":{"line":30,"column":2}}]}}},"/Users/estherdamakahindi/Desktop/projects/Checkpoints/CheckPoint3/doc-api/config/config.js":{"path":"/Users/estherdamakahindi/Desktop/projects/Checkpoints/CheckPoint3/doc-api/config/config.js","s":{"1":1},"b":{},"f":{},"fnMap":{},"statementMap":{"1":{"start":{"line":1,"column":0},"end":{"line":4,"column":2}}},"branchMap":{}},"/Users/estherdamakahindi/Desktop/projects/Checkpoints/CheckPoint3/doc-api/server/routes/document.js":{"path":"/Users/estherdamakahindi/Desktop/projects/Checkpoints/CheckPoint3/doc-api/server/routes/document.js","s":{"1":1,"2":1,"3":1,"4":1,"5":1,"6":1,"7":1,"8":1,"9":1,"10":1},"b":{},"f":{},"fnMap":{},"statementMap":{"1":{"start":{"line":1,"column":0},"end":{"line":1,"column":33}},"2":{"start":{"line":2,"column":0},"end":{"line":2,"column":35}},"3":{"start":{"line":3,"column":0},"end":{"line":3,"column":50}},"4":{"start":{"line":4,"column":0},"end":{"line":4,"column":30}},"5":{"start":{"line":5,"column":0},"end":{"line":5,"column":54}},"6":{"start":{"line":12,"column":0},"end":{"line":12,"column":24}},"7":{"start":{"line":14,"column":0},"end":{"line":16,"column":31}},"8":{"start":{"line":21,"column":0},"end":{"line":24,"column":36}},"9":{"start":{"line":26,"column":0},"end":{"line":27,"column":37}},"10":{"start":{"line":30,"column":0},"end":{"line":30,"column":24}}},"branchMap":{}},"/Users/estherdamakahindi/Desktop/projects/Checkpoints/CheckPoint3/doc-api/server/controllers/middleware.js":{"path":"/Users/estherdamakahindi/Desktop/projects/Checkpoints/CheckPoint3/doc-api/server/controllers/middleware.js","s":{"1":1,"2":1,"3":1,"4":48,"5":48,"6":47,"7":47,"8":0,"9":47,"10":47,"11":1,"12":7,"13":6,"14":1,"15":1},"b":{"1":[48,48,48],"2":[47,1],"3":[0,47],"4":[6,1]},"f":{"1":48,"2":47,"3":7},"fnMap":{"1":{"name":"(anonymous_1)","line":6,"loc":{"start":{"line":6,"column":10},"end":{"line":6,"column":35}}},"2":{"name":"(anonymous_2)","line":9,"loc":{"start":{"line":9,"column":45},"end":{"line":9,"column":68}}},"3":{"name":"(anonymous_3)","line":33,"loc":{"start":{"line":33,"column":17},"end":{"line":33,"column":42}}}},"statementMap":{"1":{"start":{"line":1,"column":0},"end":{"line":1,"column":34}},"2":{"start":{"line":2,"column":0},"end":{"line":2,"column":47}},"3":{"start":{"line":5,"column":0},"end":{"line":43,"column":2}},"4":{"start":{"line":7,"column":8},"end":{"line":7,"column":87}},"5":{"start":{"line":8,"column":8},"end":{"line":30,"column":9}},"6":{"start":{"line":9,"column":12},"end":{"line":22,"column":15}},"7":{"start":{"line":10,"column":16},"end":{"line":21,"column":17}},"8":{"start":{"line":11,"column":20},"end":{"line":15,"column":23}},"9":{"start":{"line":19,"column":20},"end":{"line":19,"column":42}},"10":{"start":{"line":20,"column":20},"end":{"line":20,"column":27}},"11":{"start":{"line":25,"column":12},"end":{"line":28,"column":15}},"12":{"start":{"line":34,"column":8},"end":{"line":41,"column":9}},"13":{"start":{"line":35,"column":12},"end":{"line":35,"column":26}},"14":{"start":{"line":37,"column":12},"end":{"line":40,"column":14}},"15":{"start":{"line":45,"column":0},"end":{"line":45,"column":28}}},"branchMap":{"1":{"line":7,"type":"binary-expr","locations":[{"start":{"line":7,"column":20},"end":{"line":7,"column":34}},{"start":{"line":7,"column":38},"end":{"line":7,"column":53}},{"start":{"line":7,"column":57},"end":{"line":7,"column":86}}]},"2":{"line":8,"type":"if","locations":[{"start":{"line":8,"column":8},"end":{"line":8,"column":8}},{"start":{"line":8,"column":8},"end":{"line":8,"column":8}}]},"3":{"line":10,"type":"if","locations":[{"start":{"line":10,"column":16},"end":{"line":10,"column":16}},{"start":{"line":10,"column":16},"end":{"line":10,"column":16}}]},"4":{"line":34,"type":"if","locations":[{"start":{"line":34,"column":8},"end":{"line":34,"column":8}},{"start":{"line":34,"column":8},"end":{"line":34,"column":8}}]}}},"/Users/estherdamakahindi/Desktop/projects/Checkpoints/CheckPoint3/doc-api/server/controllers/document.js":{"path":"/Users/estherdamakahindi/Desktop/projects/Checkpoints/CheckPoint3/doc-api/server/controllers/document.js","s":{"1":1,"2":1,"3":4,"4":1,"5":3,"6":1,"7":2,"8":2,"9":2,"10":2,"11":2,"12":2,"13":0,"14":2,"15":3,"16":2,"17":3,"18":3,"19":3,"20":3,"21":0,"22":3,"23":1,"24":1,"25":0,"26":1,"27":1,"28":0,"29":1,"30":1,"31":0,"32":1,"33":1,"34":1,"35":0,"36":1,"37":1,"38":1,"39":0,"40":1,"41":0,"42":0,"43":0,"44":0,"45":0,"46":0,"47":0,"48":0,"49":1,"50":1,"51":0,"52":1,"53":1},"b":{"1":[1,3],"2":[1,2],"3":[0,2],"4":[2,1],"5":[3,0],"6":[0,3],"7":[0,1],"8":[1,0],"9":[0,1],"10":[1,0],"11":[0,1],"12":[0,1],"13":[0,0],"14":[0,0],"15":[0,1]},"f":{"1":4,"2":2,"3":3,"4":3,"5":1,"6":1,"7":1,"8":1,"9":1,"10":0,"11":0,"12":0,"13":0,"14":1,"15":1},"fnMap":{"1":{"name":"(anonymous_1)","line":5,"loc":{"start":{"line":5,"column":18},"end":{"line":5,"column":37}}},"2":{"name":"(anonymous_2)","line":23,"loc":{"start":{"line":23,"column":17},"end":{"line":23,"column":36}}},"3":{"name":"(anonymous_3)","line":37,"loc":{"start":{"line":37,"column":16},"end":{"line":37,"column":35}}},"4":{"name":"(anonymous_4)","line":50,"loc":{"start":{"line":50,"column":18},"end":{"line":50,"column":43}}},"5":{"name":"(anonymous_5)","line":64,"loc":{"start":{"line":64,"column":15},"end":{"line":64,"column":34}}},"6":{"name":"(anonymous_6)","line":65,"loc":{"start":{"line":65,"column":41},"end":{"line":65,"column":60}}},"7":{"name":"(anonymous_7)","line":84,"loc":{"start":{"line":84,"column":18},"end":{"line":84,"column":37}}},"8":{"name":"(anonymous_8)","line":85,"loc":{"start":{"line":85,"column":48},"end":{"line":85,"column":67}}},"9":{"name":"(anonymous_9)","line":99,"loc":{"start":{"line":99,"column":25},"end":{"line":99,"column":39}}},"10":{"name":"(anonymous_10)","line":116,"loc":{"start":{"line":116,"column":22},"end":{"line":116,"column":41}}},"11":{"name":"(anonymous_11)","line":119,"loc":{"start":{"line":119,"column":16},"end":{"line":119,"column":35}}},"12":{"name":"(anonymous_12)","line":133,"loc":{"start":{"line":133,"column":22},"end":{"line":133,"column":41}}},"13":{"name":"(anonymous_13)","line":138,"loc":{"start":{"line":138,"column":18},"end":{"line":138,"column":37}}},"14":{"name":"(anonymous_14)","line":152,"loc":{"start":{"line":152,"column":18},"end":{"line":152,"column":37}}},"15":{"name":"(anonymous_15)","line":155,"loc":{"start":{"line":155,"column":11},"end":{"line":155,"column":25}}}},"statementMap":{"1":{"start":{"line":2,"column":0},"end":{"line":2,"column":45}},"2":{"start":{"line":4,"column":0},"end":{"line":169,"column":2}},"3":{"start":{"line":6,"column":8},"end":{"line":11,"column":9}},"4":{"start":{"line":7,"column":12},"end":{"line":10,"column":15}},"5":{"start":{"line":12,"column":8},"end":{"line":17,"column":9}},"6":{"start":{"line":13,"column":12},"end":{"line":16,"column":15}},"7":{"start":{"line":18,"column":8},"end":{"line":18,"column":33}},"8":{"start":{"line":19,"column":8},"end":{"line":19,"column":35}},"9":{"start":{"line":20,"column":8},"end":{"line":20,"column":39}},"10":{"start":{"line":21,"column":8},"end":{"line":21,"column":43}},"11":{"start":{"line":23,"column":8},"end":{"line":35,"column":11}},"12":{"start":{"line":24,"column":12},"end":{"line":34,"column":13}},"13":{"start":{"line":25,"column":16},"end":{"line":28,"column":19}},"14":{"start":{"line":30,"column":16},"end":{"line":33,"column":19}},"15":{"start":{"line":38,"column":8},"end":{"line":41,"column":9}},"16":{"start":{"line":40,"column":12},"end":{"line":40,"column":32}},"17":{"start":{"line":42,"column":8},"end":{"line":45,"column":9}},"18":{"start":{"line":44,"column":12},"end":{"line":44,"column":31}},"19":{"start":{"line":46,"column":8},"end":{"line":62,"column":15}},"20":{"start":{"line":51,"column":16},"end":{"line":61,"column":17}},"21":{"start":{"line":52,"column":20},"end":{"line":55,"column":23}},"22":{"start":{"line":57,"column":20},"end":{"line":60,"column":23}},"23":{"start":{"line":65,"column":8},"end":{"line":82,"column":11}},"24":{"start":{"line":66,"column":12},"end":{"line":81,"column":13}},"25":{"start":{"line":67,"column":16},"end":{"line":70,"column":19}},"26":{"start":{"line":72,"column":16},"end":{"line":76,"column":23}},"27":{"start":{"line":73,"column":20},"end":{"line":76,"column":23}},"28":{"start":{"line":77,"column":16},"end":{"line":80,"column":19}},"29":{"start":{"line":85,"column":8},"end":{"line":114,"column":11}},"30":{"start":{"line":86,"column":12},"end":{"line":112,"column":13}},"31":{"start":{"line":87,"column":16},"end":{"line":90,"column":19}},"32":{"start":{"line":92,"column":16},"end":{"line":94,"column":17}},"33":{"start":{"line":93,"column":20},"end":{"line":93,"column":47}},"34":{"start":{"line":95,"column":16},"end":{"line":97,"column":17}},"35":{"start":{"line":96,"column":20},"end":{"line":96,"column":51}},"36":{"start":{"line":98,"column":16},"end":{"line":98,"column":44}},"37":{"start":{"line":99,"column":16},"end":{"line":111,"column":19}},"38":{"start":{"line":100,"column":20},"end":{"line":110,"column":21}},"39":{"start":{"line":101,"column":24},"end":{"line":104,"column":27}},"40":{"start":{"line":106,"column":24},"end":{"line":109,"column":27}},"41":{"start":{"line":117,"column":8},"end":{"line":131,"column":11}},"42":{"start":{"line":120,"column":12},"end":{"line":130,"column":13}},"43":{"start":{"line":121,"column":16},"end":{"line":124,"column":19}},"44":{"start":{"line":126,"column":16},"end":{"line":129,"column":19}},"45":{"start":{"line":134,"column":8},"end":{"line":150,"column":15}},"46":{"start":{"line":139,"column":16},"end":{"line":149,"column":17}},"47":{"start":{"line":140,"column":20},"end":{"line":143,"column":23}},"48":{"start":{"line":145,"column":20},"end":{"line":148,"column":23}},"49":{"start":{"line":153,"column":8},"end":{"line":167,"column":11}},"50":{"start":{"line":156,"column":12},"end":{"line":166,"column":13}},"51":{"start":{"line":157,"column":16},"end":{"line":160,"column":19}},"52":{"start":{"line":162,"column":16},"end":{"line":165,"column":19}},"53":{"start":{"line":171,"column":0},"end":{"line":171,"column":30}}},"branchMap":{"1":{"line":6,"type":"if","locations":[{"start":{"line":6,"column":8},"end":{"line":6,"column":8}},{"start":{"line":6,"column":8},"end":{"line":6,"column":8}}]},"2":{"line":12,"type":"if","locations":[{"start":{"line":12,"column":8},"end":{"line":12,"column":8}},{"start":{"line":12,"column":8},"end":{"line":12,"column":8}}]},"3":{"line":24,"type":"if","locations":[{"start":{"line":24,"column":12},"end":{"line":24,"column":12}},{"start":{"line":24,"column":12},"end":{"line":24,"column":12}}]},"4":{"line":38,"type":"if","locations":[{"start":{"line":38,"column":8},"end":{"line":38,"column":8}},{"start":{"line":38,"column":8},"end":{"line":38,"column":8}}]},"5":{"line":42,"type":"if","locations":[{"start":{"line":42,"column":8},"end":{"line":42,"column":8}},{"start":{"line":42,"column":8},"end":{"line":42,"column":8}}]},"6":{"line":51,"type":"if","locations":[{"start":{"line":51,"column":16},"end":{"line":51,"column":16}},{"start":{"line":51,"column":16},"end":{"line":51,"column":16}}]},"7":{"line":66,"type":"if","locations":[{"start":{"line":66,"column":12},"end":{"line":66,"column":12}},{"start":{"line":66,"column":12},"end":{"line":66,"column":12}}]},"8":{"line":72,"type":"if","locations":[{"start":{"line":72,"column":16},"end":{"line":72,"column":16}},{"start":{"line":72,"column":16},"end":{"line":72,"column":16}}]},"9":{"line":86,"type":"if","locations":[{"start":{"line":86,"column":12},"end":{"line":86,"column":12}},{"start":{"line":86,"column":12},"end":{"line":86,"column":12}}]},"10":{"line":92,"type":"if","locations":[{"start":{"line":92,"column":16},"end":{"line":92,"column":16}},{"start":{"line":92,"column":16},"end":{"line":92,"column":16}}]},"11":{"line":95,"type":"if","locations":[{"start":{"line":95,"column":16},"end":{"line":95,"column":16}},{"start":{"line":95,"column":16},"end":{"line":95,"column":16}}]},"12":{"line":100,"type":"if","locations":[{"start":{"line":100,"column":20},"end":{"line":100,"column":20}},{"start":{"line":100,"column":20},"end":{"line":100,"column":20}}]},"13":{"line":120,"type":"if","locations":[{"start":{"line":120,"column":12},"end":{"line":120,"column":12}},{"start":{"line":120,"column":12},"end":{"line":120,"column":12}}]},"14":{"line":139,"type":"if","locations":[{"start":{"line":139,"column":16},"end":{"line":139,"column":16}},{"start":{"line":139,"column":16},"end":{"line":139,"column":16}}]},"15":{"line":156,"type":"if","locations":[{"start":{"line":156,"column":12},"end":{"line":156,"column":12}},{"start":{"line":156,"column":12},"end":{"line":156,"column":12}}]}}},"/Users/estherdamakahindi/Desktop/projects/Checkpoints/CheckPoint3/doc-api/server/models/document.js":{"path":"/Users/estherdamakahindi/Desktop/projects/Checkpoints/CheckPoint3/doc-api/server/models/document.js","s":{"1":1,"2":1,"3":1,"4":1},"b":{},"f":{},"fnMap":{},"statementMap":{"1":{"start":{"line":1,"column":0},"end":{"line":1,"column":35}},"2":{"start":{"line":2,"column":0},"end":{"line":2,"column":29}},"3":{"start":{"line":4,"column":0},"end":{"line":31,"column":3}},"4":{"start":{"line":34,"column":0},"end":{"line":34,"column":60}}},"branchMap":{}},"/Users/estherdamakahindi/Desktop/projects/Checkpoints/CheckPoint3/doc-api/server/routes/role.js":{"path":"/Users/estherdamakahindi/Desktop/projects/Checkpoints/CheckPoint3/doc-api/server/routes/role.js","s":{"1":1,"2":1,"3":1,"4":1,"5":1,"6":1,"7":1,"8":1,"9":1},"b":{},"f":{},"fnMap":{},"statementMap":{"1":{"start":{"line":1,"column":0},"end":{"line":1,"column":33}},"2":{"start":{"line":2,"column":0},"end":{"line":2,"column":35}},"3":{"start":{"line":4,"column":0},"end":{"line":4,"column":30}},"4":{"start":{"line":5,"column":0},"end":{"line":5,"column":46}},"5":{"start":{"line":6,"column":0},"end":{"line":6,"column":50}},"6":{"start":{"line":9,"column":0},"end":{"line":9,"column":24}},"7":{"start":{"line":10,"column":0},"end":{"line":12,"column":48}},"8":{"start":{"line":14,"column":0},"end":{"line":17,"column":53}},"9":{"start":{"line":19,"column":0},"end":{"line":19,"column":24}}},"branchMap":{}},"/Users/estherdamakahindi/Desktop/projects/Checkpoints/CheckPoint3/doc-api/server/controllers/role.js":{"path":"/Users/estherdamakahindi/Desktop/projects/Checkpoints/CheckPoint3/doc-api/server/controllers/role.js","s":{"1":1,"2":1,"3":1,"4":0,"5":1,"6":1,"7":1,"8":1,"9":0,"10":1,"11":2,"12":2,"13":0,"14":2,"15":1,"16":1,"17":0,"18":1,"19":1,"20":1,"21":0,"22":1,"23":1,"24":1,"25":0,"26":1,"27":1,"28":1,"29":0,"30":1,"31":1},"b":{"1":[0,1],"2":[0,1],"3":[0,2],"4":[0,1],"5":[0,1],"6":[0,1],"7":[0,1]},"f":{"1":1,"2":1,"3":2,"4":2,"5":1,"6":1,"7":1,"8":1,"9":1,"10":1,"11":1},"fnMap":{"1":{"name":"(anonymous_1)","line":4,"loc":{"start":{"line":4,"column":19},"end":{"line":4,"column":38}}},"2":{"name":"(anonymous_2)","line":13,"loc":{"start":{"line":13,"column":18},"end":{"line":13,"column":38}}},"3":{"name":"(anonymous_3)","line":27,"loc":{"start":{"line":27,"column":17},"end":{"line":27,"column":36}}},"4":{"name":"(anonymous_4)","line":28,"loc":{"start":{"line":28,"column":18},"end":{"line":28,"column":39}}},"5":{"name":"(anonymous_5)","line":42,"loc":{"start":{"line":42,"column":16},"end":{"line":42,"column":35}}},"6":{"name":"(anonymous_6)","line":43,"loc":{"start":{"line":43,"column":37},"end":{"line":43,"column":57}}},"7":{"name":"(anonymous_7)","line":57,"loc":{"start":{"line":57,"column":19},"end":{"line":57,"column":38}}},"8":{"name":"(anonymous_8)","line":58,"loc":{"start":{"line":58,"column":37},"end":{"line":58,"column":57}}},"9":{"name":"(anonymous_9)","line":66,"loc":{"start":{"line":66,"column":26},"end":{"line":66,"column":40}}},"10":{"name":"(anonymous_10)","line":84,"loc":{"start":{"line":84,"column":19},"end":{"line":84,"column":38}}},"11":{"name":"(anonymous_11)","line":87,"loc":{"start":{"line":87,"column":11},"end":{"line":87,"column":25}}}},"statementMap":{"1":{"start":{"line":1,"column":0},"end":{"line":1,"column":37}},"2":{"start":{"line":3,"column":0},"end":{"line":101,"column":2}},"3":{"start":{"line":5,"column":8},"end":{"line":10,"column":9}},"4":{"start":{"line":6,"column":12},"end":{"line":9,"column":15}},"5":{"start":{"line":11,"column":8},"end":{"line":11,"column":30}},"6":{"start":{"line":12,"column":8},"end":{"line":12,"column":36}},"7":{"start":{"line":13,"column":8},"end":{"line":25,"column":11}},"8":{"start":{"line":14,"column":12},"end":{"line":24,"column":13}},"9":{"start":{"line":15,"column":16},"end":{"line":18,"column":19}},"10":{"start":{"line":20,"column":16},"end":{"line":23,"column":19}},"11":{"start":{"line":28,"column":8},"end":{"line":40,"column":11}},"12":{"start":{"line":29,"column":12},"end":{"line":39,"column":13}},"13":{"start":{"line":30,"column":16},"end":{"line":33,"column":19}},"14":{"start":{"line":35,"column":16},"end":{"line":38,"column":19}},"15":{"start":{"line":43,"column":8},"end":{"line":55,"column":11}},"16":{"start":{"line":44,"column":12},"end":{"line":54,"column":13}},"17":{"start":{"line":45,"column":16},"end":{"line":48,"column":19}},"18":{"start":{"line":50,"column":16},"end":{"line":53,"column":19}},"19":{"start":{"line":58,"column":8},"end":{"line":81,"column":11}},"20":{"start":{"line":59,"column":12},"end":{"line":79,"column":13}},"21":{"start":{"line":60,"column":16},"end":{"line":63,"column":19}},"22":{"start":{"line":65,"column":16},"end":{"line":65,"column":44}},"23":{"start":{"line":66,"column":16},"end":{"line":78,"column":19}},"24":{"start":{"line":67,"column":20},"end":{"line":77,"column":21}},"25":{"start":{"line":68,"column":24},"end":{"line":71,"column":27}},"26":{"start":{"line":73,"column":24},"end":{"line":76,"column":27}},"27":{"start":{"line":85,"column":8},"end":{"line":99,"column":11}},"28":{"start":{"line":88,"column":12},"end":{"line":98,"column":13}},"29":{"start":{"line":89,"column":16},"end":{"line":92,"column":19}},"30":{"start":{"line":94,"column":16},"end":{"line":97,"column":19}},"31":{"start":{"line":103,"column":0},"end":{"line":103,"column":26}}},"branchMap":{"1":{"line":5,"type":"if","locations":[{"start":{"line":5,"column":8},"end":{"line":5,"column":8}},{"start":{"line":5,"column":8},"end":{"line":5,"column":8}}]},"2":{"line":14,"type":"if","locations":[{"start":{"line":14,"column":12},"end":{"line":14,"column":12}},{"start":{"line":14,"column":12},"end":{"line":14,"column":12}}]},"3":{"line":29,"type":"if","locations":[{"start":{"line":29,"column":12},"end":{"line":29,"column":12}},{"start":{"line":29,"column":12},"end":{"line":29,"column":12}}]},"4":{"line":44,"type":"if","locations":[{"start":{"line":44,"column":12},"end":{"line":44,"column":12}},{"start":{"line":44,"column":12},"end":{"line":44,"column":12}}]},"5":{"line":59,"type":"if","locations":[{"start":{"line":59,"column":12},"end":{"line":59,"column":12}},{"start":{"line":59,"column":12},"end":{"line":59,"column":12}}]},"6":{"line":67,"type":"if","locations":[{"start":{"line":67,"column":20},"end":{"line":67,"column":20}},{"start":{"line":67,"column":20},"end":{"line":67,"column":20}}]},"7":{"line":88,"type":"if","locations":[{"start":{"line":88,"column":12},"end":{"line":88,"column":12}},{"start":{"line":88,"column":12},"end":{"line":88,"column":12}}]}}},"/Users/estherdamakahindi/Desktop/projects/Checkpoints/CheckPoint3/doc-api/server/models/role.js":{"path":"/Users/estherdamakahindi/Desktop/projects/Checkpoints/CheckPoint3/doc-api/server/models/role.js","s":{"1":1,"2":1,"3":1,"4":1},"b":{},"f":{},"fnMap":{},"statementMap":{"1":{"start":{"line":1,"column":0},"end":{"line":1,"column":35}},"2":{"start":{"line":2,"column":0},"end":{"line":2,"column":29}},"3":{"start":{"line":4,"column":0},"end":{"line":11,"column":3}},"4":{"start":{"line":13,"column":0},"end":{"line":13,"column":52}}},"branchMap":{}},"/Users/estherdamakahindi/Desktop/projects/Checkpoints/CheckPoint3/doc-api/server/routes/user.js":{"path":"/Users/estherdamakahindi/Desktop/projects/Checkpoints/CheckPoint3/doc-api/server/routes/user.js","s":{"1":1,"2":1,"3":1,"4":1,"5":1,"6":1,"7":1,"8":1,"9":1,"10":1,"11":1,"12":1},"b":{},"f":{},"fnMap":{},"statementMap":{"1":{"start":{"line":1,"column":0},"end":{"line":1,"column":33}},"2":{"start":{"line":2,"column":0},"end":{"line":2,"column":35}},"3":{"start":{"line":4,"column":0},"end":{"line":4,"column":30}},"4":{"start":{"line":5,"column":0},"end":{"line":5,"column":46}},"5":{"start":{"line":6,"column":0},"end":{"line":6,"column":53}},"6":{"start":{"line":8,"column":0},"end":{"line":9,"column":27}},"7":{"start":{"line":11,"column":0},"end":{"line":12,"column":31}},"8":{"start":{"line":14,"column":0},"end":{"line":14,"column":27}},"9":{"start":{"line":17,"column":0},"end":{"line":18,"column":28}},"10":{"start":{"line":20,"column":0},"end":{"line":22,"column":33}},"11":{"start":{"line":24,"column":0},"end":{"line":25,"column":28}},"12":{"start":{"line":28,"column":0},"end":{"line":28,"column":24}}},"branchMap":{}},"/Users/estherdamakahindi/Desktop/projects/Checkpoints/CheckPoint3/doc-api/server/controllers/user.js":{"path":"/Users/estherdamakahindi/Desktop/projects/Checkpoints/CheckPoint3/doc-api/server/controllers/user.js","s":{"1":1,"2":1,"3":1,"4":1,"5":1,"6":0,"7":1,"8":0,"9":1,"10":0,"11":1,"12":0,"13":1,"14":0,"15":1,"16":1,"17":1,"18":1,"19":1,"20":1,"21":1,"22":1,"23":1,"24":0,"25":1,"26":1,"27":1,"28":0,"29":1,"30":0,"31":0,"32":0,"33":0,"34":0,"35":1,"36":1,"37":0,"38":1,"39":1,"40":1,"41":0,"42":1,"43":1,"44":1,"45":0,"46":1,"47":21,"48":21,"49":0,"50":21,"51":0,"52":21,"53":21,"54":0,"55":21,"56":21,"57":21,"58":21,"59":0,"60":21,"61":0,"62":0,"63":1},"b":{"1":[0,1],"2":[0,1],"3":[0,1],"4":[0,1],"5":[0,1],"6":[1,0],"7":[0,1],"8":[0,1],"9":[0,0],"10":[0,1],"11":[0,1],"12":[0,1],"13":[0,21],"14":[0,21],"15":[21,0],"16":[0,21],"17":[0,21]},"f":{"1":1,"2":1,"3":1,"4":0,"5":1,"6":1,"7":1,"8":1,"9":1,"10":1,"11":21,"12":21,"13":21,"14":0},"fnMap":{"1":{"name":"(anonymous_1)","line":6,"loc":{"start":{"line":6,"column":23},"end":{"line":6,"column":42}}},"2":{"name":"(anonymous_2)","line":47,"loc":{"start":{"line":47,"column":19},"end":{"line":47,"column":39}}},"3":{"name":"(anonymous_3)","line":55,"loc":{"start":{"line":55,"column":34},"end":{"line":55,"column":54}}},"4":{"name":"(anonymous_4)","line":72,"loc":{"start":{"line":72,"column":26},"end":{"line":72,"column":46}}},"5":{"name":"(anonymous_5)","line":88,"loc":{"start":{"line":88,"column":17},"end":{"line":88,"column":36}}},"6":{"name":"(anonymous_6)","line":89,"loc":{"start":{"line":89,"column":18},"end":{"line":89,"column":39}}},"7":{"name":"(anonymous_7)","line":100,"loc":{"start":{"line":100,"column":16},"end":{"line":100,"column":35}}},"8":{"name":"(anonymous_8)","line":101,"loc":{"start":{"line":101,"column":37},"end":{"line":101,"column":57}}},"9":{"name":"(anonymous_9)","line":113,"loc":{"start":{"line":113,"column":19},"end":{"line":113,"column":38}}},"10":{"name":"(anonymous_10)","line":116,"loc":{"start":{"line":116,"column":11},"end":{"line":116,"column":25}}},"11":{"name":"(anonymous_11)","line":130,"loc":{"start":{"line":130,"column":15},"end":{"line":130,"column":34}}},"12":{"name":"(anonymous_12)","line":133,"loc":{"start":{"line":133,"column":11},"end":{"line":133,"column":31}}},"13":{"name":"(anonymous_13)","line":155,"loc":{"start":{"line":155,"column":30},"end":{"line":155,"column":44}}},"14":{"name":"(anonymous_14)","line":178,"loc":{"start":{"line":178,"column":16},"end":{"line":178,"column":35}}}},"statementMap":{"1":{"start":{"line":1,"column":0},"end":{"line":1,"column":37}},"2":{"start":{"line":2,"column":0},"end":{"line":2,"column":37}},"3":{"start":{"line":3,"column":0},"end":{"line":3,"column":34}},"4":{"start":{"line":5,"column":0},"end":{"line":185,"column":2}},"5":{"start":{"line":7,"column":12},"end":{"line":12,"column":13}},"6":{"start":{"line":8,"column":16},"end":{"line":11,"column":19}},"7":{"start":{"line":13,"column":12},"end":{"line":18,"column":13}},"8":{"start":{"line":14,"column":16},"end":{"line":17,"column":19}},"9":{"start":{"line":19,"column":12},"end":{"line":24,"column":13}},"10":{"start":{"line":20,"column":16},"end":{"line":23,"column":19}},"11":{"start":{"line":25,"column":12},"end":{"line":30,"column":13}},"12":{"start":{"line":26,"column":16},"end":{"line":29,"column":19}},"13":{"start":{"line":31,"column":12},"end":{"line":36,"column":13}},"14":{"start":{"line":32,"column":16},"end":{"line":35,"column":19}},"15":{"start":{"line":37,"column":12},"end":{"line":37,"column":34}},"16":{"start":{"line":38,"column":12},"end":{"line":38,"column":46}},"17":{"start":{"line":39,"column":12},"end":{"line":39,"column":50}},"18":{"start":{"line":40,"column":12},"end":{"line":40,"column":48}},"19":{"start":{"line":41,"column":12},"end":{"line":41,"column":40}},"20":{"start":{"line":42,"column":12},"end":{"line":42,"column":46}},"21":{"start":{"line":44,"column":12},"end":{"line":85,"column":13}},"22":{"start":{"line":45,"column":16},"end":{"line":69,"column":19}},"23":{"start":{"line":48,"column":20},"end":{"line":68,"column":21}},"24":{"start":{"line":49,"column":24},"end":{"line":52,"column":27}},"25":{"start":{"line":54,"column":24},"end":{"line":54,"column":47}},"26":{"start":{"line":55,"column":24},"end":{"line":67,"column":27}},"27":{"start":{"line":56,"column":28},"end":{"line":66,"column":29}},"28":{"start":{"line":57,"column":32},"end":{"line":60,"column":35}},"29":{"start":{"line":62,"column":32},"end":{"line":65,"column":35}},"30":{"start":{"line":71,"column":16},"end":{"line":71,"column":42}},"31":{"start":{"line":72,"column":16},"end":{"line":84,"column":19}},"32":{"start":{"line":73,"column":20},"end":{"line":83,"column":21}},"33":{"start":{"line":74,"column":24},"end":{"line":77,"column":27}},"34":{"start":{"line":79,"column":24},"end":{"line":82,"column":27}},"35":{"start":{"line":89,"column":8},"end":{"line":98,"column":11}},"36":{"start":{"line":90,"column":12},"end":{"line":97,"column":13}},"37":{"start":{"line":91,"column":16},"end":{"line":94,"column":19}},"38":{"start":{"line":96,"column":16},"end":{"line":96,"column":32}},"39":{"start":{"line":101,"column":8},"end":{"line":110,"column":11}},"40":{"start":{"line":102,"column":12},"end":{"line":109,"column":13}},"41":{"start":{"line":103,"column":16},"end":{"line":106,"column":19}},"42":{"start":{"line":108,"column":16},"end":{"line":108,"column":31}},"43":{"start":{"line":114,"column":8},"end":{"line":128,"column":11}},"44":{"start":{"line":117,"column":12},"end":{"line":127,"column":13}},"45":{"start":{"line":118,"column":16},"end":{"line":121,"column":19}},"46":{"start":{"line":123,"column":16},"end":{"line":126,"column":19}},"47":{"start":{"line":131,"column":8},"end":{"line":176,"column":11}},"48":{"start":{"line":134,"column":12},"end":{"line":174,"column":13}},"49":{"start":{"line":135,"column":16},"end":{"line":138,"column":19}},"50":{"start":{"line":139,"column":19},"end":{"line":174,"column":13}},"51":{"start":{"line":140,"column":16},"end":{"line":143,"column":19}},"52":{"start":{"line":144,"column":19},"end":{"line":174,"column":13}},"53":{"start":{"line":145,"column":16},"end":{"line":173,"column":17}},"54":{"start":{"line":146,"column":20},"end":{"line":149,"column":23}},"55":{"start":{"line":151,"column":20},"end":{"line":153,"column":23}},"56":{"start":{"line":154,"column":20},"end":{"line":154,"column":37}},"57":{"start":{"line":155,"column":20},"end":{"line":171,"column":22}},"58":{"start":{"line":156,"column":24},"end":{"line":169,"column":25}},"59":{"start":{"line":157,"column":28},"end":{"line":160,"column":31}},"60":{"start":{"line":163,"column":28},"end":{"line":168,"column":31}},"61":{"start":{"line":179,"column":8},"end":{"line":179,"column":27}},"62":{"start":{"line":180,"column":8},"end":{"line":183,"column":11}},"63":{"start":{"line":187,"column":0},"end":{"line":187,"column":26}}},"branchMap":{"1":{"line":7,"type":"if","locations":[{"start":{"line":7,"column":12},"end":{"line":7,"column":12}},{"start":{"line":7,"column":12},"end":{"line":7,"column":12}}]},"2":{"line":13,"type":"if","locations":[{"start":{"line":13,"column":12},"end":{"line":13,"column":12}},{"start":{"line":13,"column":12},"end":{"line":13,"column":12}}]},"3":{"line":19,"type":"if","locations":[{"start":{"line":19,"column":12},"end":{"line":19,"column":12}},{"start":{"line":19,"column":12},"end":{"line":19,"column":12}}]},"4":{"line":25,"type":"if","locations":[{"start":{"line":25,"column":12},"end":{"line":25,"column":12}},{"start":{"line":25,"column":12},"end":{"line":25,"column":12}}]},"5":{"line":31,"type":"if","locations":[{"start":{"line":31,"column":12},"end":{"line":31,"column":12}},{"start":{"line":31,"column":12},"end":{"line":31,"column":12}}]},"6":{"line":44,"type":"if","locations":[{"start":{"line":44,"column":12},"end":{"line":44,"column":12}},{"start":{"line":44,"column":12},"end":{"line":44,"column":12}}]},"7":{"line":48,"type":"if","locations":[{"start":{"line":48,"column":20},"end":{"line":48,"column":20}},{"start":{"line":48,"column":20},"end":{"line":48,"column":20}}]},"8":{"line":56,"type":"if","locations":[{"start":{"line":56,"column":28},"end":{"line":56,"column":28}},{"start":{"line":56,"column":28},"end":{"line":56,"column":28}}]},"9":{"line":73,"type":"if","locations":[{"start":{"line":73,"column":20},"end":{"line":73,"column":20}},{"start":{"line":73,"column":20},"end":{"line":73,"column":20}}]},"10":{"line":90,"type":"if","locations":[{"start":{"line":90,"column":12},"end":{"line":90,"column":12}},{"start":{"line":90,"column":12},"end":{"line":90,"column":12}}]},"11":{"line":102,"type":"if","locations":[{"start":{"line":102,"column":12},"end":{"line":102,"column":12}},{"start":{"line":102,"column":12},"end":{"line":102,"column":12}}]},"12":{"line":117,"type":"if","locations":[{"start":{"line":117,"column":12},"end":{"line":117,"column":12}},{"start":{"line":117,"column":12},"end":{"line":117,"column":12}}]},"13":{"line":134,"type":"if","locations":[{"start":{"line":134,"column":12},"end":{"line":134,"column":12}},{"start":{"line":134,"column":12},"end":{"line":134,"column":12}}]},"14":{"line":139,"type":"if","locations":[{"start":{"line":139,"column":19},"end":{"line":139,"column":19}},{"start":{"line":139,"column":19},"end":{"line":139,"column":19}}]},"15":{"line":144,"type":"if","locations":[{"start":{"line":144,"column":19},"end":{"line":144,"column":19}},{"start":{"line":144,"column":19},"end":{"line":144,"column":19}}]},"16":{"line":145,"type":"if","locations":[{"start":{"line":145,"column":16},"end":{"line":145,"column":16}},{"start":{"line":145,"column":16},"end":{"line":145,"column":16}}]},"17":{"line":156,"type":"if","locations":[{"start":{"line":156,"column":24},"end":{"line":156,"column":24}},{"start":{"line":156,"column":24},"end":{"line":156,"column":24}}]}}},"/Users/estherdamakahindi/Desktop/projects/Checkpoints/CheckPoint3/doc-api/server/models/user.js":{"path":"/Users/estherdamakahindi/Desktop/projects/Checkpoints/CheckPoint3/doc-api/server/models/user.js","s":{"1":1,"2":1,"3":1,"4":1,"5":1,"6":0,"7":1,"8":0,"9":1},"b":{},"f":{"1":0,"2":0},"fnMap":{"1":{"name":"(anonymous_1)","line":43,"loc":{"start":{"line":43,"column":34},"end":{"line":43,"column":53}}},"2":{"name":"(anonymous_2)","line":48,"loc":{"start":{"line":48,"column":35},"end":{"line":48,"column":54}}}},"statementMap":{"1":{"start":{"line":1,"column":0},"end":{"line":1,"column":35}},"2":{"start":{"line":2,"column":0},"end":{"line":2,"column":40}},"3":{"start":{"line":3,"column":0},"end":{"line":3,"column":29}},"4":{"start":{"line":5,"column":0},"end":{"line":40,"column":3}},"5":{"start":{"line":43,"column":0},"end":{"line":45,"column":2}},"6":{"start":{"line":44,"column":4},"end":{"line":44,"column":66}},"7":{"start":{"line":48,"column":0},"end":{"line":50,"column":2}},"8":{"start":{"line":49,"column":4},"end":{"line":49,"column":61}},"9":{"start":{"line":52,"column":0},"end":{"line":52,"column":52}}},"branchMap":{}}}