{"/Users/estherdamakahindi/Desktop/projects/Checkpoints/CheckPoint3/doc-api/server.js":{"path":"/Users/estherdamakahindi/Desktop/projects/Checkpoints/CheckPoint3/doc-api/server.js","s":{"1":1,"2":1,"3":1,"4":1,"5":1,"6":1,"7":1,"8":1,"9":1,"10":1,"11":1,"12":1,"13":1,"14":1,"15":1,"16":0,"17":1,"18":1,"19":1,"20":1,"21":1,"22":0,"23":1,"24":1},"b":{"1":[1,1],"2":[0,1],"3":[0,1]},"f":{},"fnMap":{},"statementMap":{"1":{"start":{"line":2,"column":0},"end":{"line":2,"column":35}},"2":{"start":{"line":3,"column":0},"end":{"line":3,"column":42}},"3":{"start":{"line":4,"column":0},"end":{"line":4,"column":37}},"4":{"start":{"line":6,"column":0},"end":{"line":6,"column":45}},"5":{"start":{"line":7,"column":0},"end":{"line":7,"column":54}},"6":{"start":{"line":8,"column":0},"end":{"line":8,"column":46}},"7":{"start":{"line":9,"column":0},"end":{"line":9,"column":46}},"8":{"start":{"line":11,"column":0},"end":{"line":11,"column":22}},"9":{"start":{"line":12,"column":0},"end":{"line":12,"column":33}},"10":{"start":{"line":13,"column":0},"end":{"line":13,"column":52}},"11":{"start":{"line":14,"column":0},"end":{"line":14,"column":27}},"12":{"start":{"line":17,"column":0},"end":{"line":17,"column":38}},"13":{"start":{"line":18,"column":0},"end":{"line":18,"column":34}},"14":{"start":{"line":19,"column":0},"end":{"line":23,"column":3}},"15":{"start":{"line":20,"column":2},"end":{"line":22,"column":3}},"16":{"start":{"line":21,"column":4},"end":{"line":21,"column":50}},"17":{"start":{"line":26,"column":0},"end":{"line":26,"column":23}},"18":{"start":{"line":27,"column":0},"end":{"line":27,"column":27}},"19":{"start":{"line":28,"column":0},"end":{"line":28,"column":23}},"20":{"start":{"line":30,"column":0},"end":{"line":35,"column":3}},"21":{"start":{"line":31,"column":2},"end":{"line":33,"column":3}},"22":{"start":{"line":32,"column":4},"end":{"line":32,"column":21}},"23":{"start":{"line":34,"column":2},"end":{"line":34,"column":89}},"24":{"start":{"line":37,"column":0},"end":{"line":37,"column":21}}},"branchMap":{"1":{"line":17,"type":"binary-expr","locations":[{"start":{"line":17,"column":13},"end":{"line":17,"column":29}},{"start":{"line":17,"column":33},"end":{"line":17,"column":37}}]},"2":{"line":20,"type":"if","locations":[{"start":{"line":20,"column":2},"end":{"line":20,"column":2}},{"start":{"line":20,"column":2},"end":{"line":20,"column":2}}]},"3":{"line":31,"type":"if","locations":[{"start":{"line":31,"column":2},"end":{"line":31,"column":2}},{"start":{"line":31,"column":2},"end":{"line":31,"column":2}}]}}},"/Users/estherdamakahindi/Desktop/projects/Checkpoints/CheckPoint3/doc-api/config/config.js":{"path":"/Users/estherdamakahindi/Desktop/projects/Checkpoints/CheckPoint3/doc-api/config/config.js","s":{"1":1},"b":{},"f":{},"fnMap":{},"statementMap":{"1":{"start":{"line":1,"column":0},"end":{"line":4,"column":2}}},"branchMap":{}},"/Users/estherdamakahindi/Desktop/projects/Checkpoints/CheckPoint3/doc-api/server/routes/document.js":{"path":"/Users/estherdamakahindi/Desktop/projects/Checkpoints/CheckPoint3/doc-api/server/routes/document.js","s":{"1":1,"2":1,"3":1,"4":1,"5":1,"6":1,"7":1,"8":1,"9":1},"b":{},"f":{},"fnMap":{},"statementMap":{"1":{"start":{"line":2,"column":0},"end":{"line":2,"column":35}},"2":{"start":{"line":3,"column":0},"end":{"line":3,"column":52}},"3":{"start":{"line":5,"column":0},"end":{"line":5,"column":32}},"4":{"start":{"line":6,"column":0},"end":{"line":6,"column":53}},"5":{"start":{"line":9,"column":0},"end":{"line":9,"column":24}},"6":{"start":{"line":11,"column":0},"end":{"line":13,"column":22}},"7":{"start":{"line":15,"column":0},"end":{"line":18,"column":28}},"8":{"start":{"line":20,"column":0},"end":{"line":21,"column":28}},"9":{"start":{"line":23,"column":0},"end":{"line":23,"column":24}}},"branchMap":{}},"/Users/estherdamakahindi/Desktop/projects/Checkpoints/CheckPoint3/doc-api/server/controllers/middleware.js":{"path":"/Users/estherdamakahindi/Desktop/projects/Checkpoints/CheckPoint3/doc-api/server/controllers/middleware.js","s":{"1":1,"2":1,"3":1,"4":72,"5":72,"6":71,"7":71,"8":0,"9":71,"10":71,"11":1,"12":13,"13":1,"14":12,"15":1},"b":{"1":[72,72,72],"2":[71,1],"3":[0,71],"4":[1,12]},"f":{"1":72,"2":13},"fnMap":{"1":{"name":"(anonymous_1)","line":10,"loc":{"start":{"line":10,"column":6},"end":{"line":10,"column":23}}},"2":{"name":"(anonymous_2)","line":22,"loc":{"start":{"line":22,"column":13},"end":{"line":22,"column":30}}}},"statementMap":{"1":{"start":{"line":6,"column":0},"end":{"line":6,"column":36}},"2":{"start":{"line":7,"column":0},"end":{"line":7,"column":49}},"3":{"start":{"line":9,"column":0},"end":{"line":26,"column":2}},"4":{"start":{"line":11,"column":4},"end":{"line":11,"column":85}},"5":{"start":{"line":12,"column":4},"end":{"line":20,"column":5}},"6":{"start":{"line":13,"column":6},"end":{"line":17,"column":9}},"7":{"start":{"line":14,"column":8},"end":{"line":14,"column":122}},"8":{"start":{"line":14,"column":19},"end":{"line":14,"column":120}},"9":{"start":{"line":15,"column":8},"end":{"line":15,"column":30}},"10":{"start":{"line":16,"column":8},"end":{"line":16,"column":22}},"11":{"start":{"line":19,"column":6},"end":{"line":19,"column":102}},"12":{"start":{"line":23,"column":4},"end":{"line":23,"column":118}},"13":{"start":{"line":23,"column":44},"end":{"line":23,"column":116}},"14":{"start":{"line":24,"column":4},"end":{"line":24,"column":18}},"15":{"start":{"line":28,"column":0},"end":{"line":28,"column":28}}},"branchMap":{"1":{"line":11,"type":"binary-expr","locations":[{"start":{"line":11,"column":18},"end":{"line":11,"column":32}},{"start":{"line":11,"column":36},"end":{"line":11,"column":51}},{"start":{"line":11,"column":55},"end":{"line":11,"column":84}}]},"2":{"line":12,"type":"if","locations":[{"start":{"line":12,"column":4},"end":{"line":12,"column":4}},{"start":{"line":12,"column":4},"end":{"line":12,"column":4}}]},"3":{"line":14,"type":"if","locations":[{"start":{"line":14,"column":8},"end":{"line":14,"column":8}},{"start":{"line":14,"column":8},"end":{"line":14,"column":8}}]},"4":{"line":23,"type":"if","locations":[{"start":{"line":23,"column":4},"end":{"line":23,"column":4}},{"start":{"line":23,"column":4},"end":{"line":23,"column":4}}]}}},"/Users/estherdamakahindi/Desktop/projects/Checkpoints/CheckPoint3/doc-api/server/controllers/document.js":{"path":"/Users/estherdamakahindi/Desktop/projects/Checkpoints/CheckPoint3/doc-api/server/controllers/document.js","s":{"1":1,"2":1,"3":6,"4":1,"5":5,"6":1,"7":4,"8":4,"9":4,"10":4,"11":1,"12":4,"13":4,"14":4,"15":0,"16":4,"17":3,"18":3,"19":3,"20":3,"21":0,"22":3,"23":1,"24":1,"25":0,"26":1,"27":1,"28":0,"29":2,"30":2,"31":1,"32":1,"33":1,"34":1,"35":0,"36":1,"37":1,"38":1,"39":0,"40":1,"41":0,"42":0,"43":0,"44":0,"45":2,"46":2,"47":1,"48":1,"49":1},"b":{"1":[1,5],"2":[1,4],"3":[1,3],"4":[0,4],"5":[3,2],"6":[3,3],"7":[0,3],"8":[0,1],"9":[1,0],"10":[1,1],"11":[1,0],"12":[0,1],"13":[0,1],"14":[0,0],"15":[1,1]},"f":{"1":6,"2":3,"3":1,"4":2,"5":0,"6":2},"fnMap":{"1":{"name":"(anonymous_1)","line":9,"loc":{"start":{"line":9,"column":8},"end":{"line":9,"column":19}}},"2":{"name":"(anonymous_2)","line":23,"loc":{"start":{"line":23,"column":5},"end":{"line":23,"column":16}}},"3":{"name":"(anonymous_3)","line":35,"loc":{"start":{"line":35,"column":5},"end":{"line":35,"column":16}}},"4":{"name":"(anonymous_4)","line":42,"loc":{"start":{"line":42,"column":8},"end":{"line":42,"column":19}}},"5":{"name":"(anonymous_5)","line":54,"loc":{"start":{"line":54,"column":11},"end":{"line":54,"column":22}}},"6":{"name":"(anonymous_6)","line":62,"loc":{"start":{"line":62,"column":8},"end":{"line":62,"column":19}}}},"statementMap":{"1":{"start":{"line":6,"column":0},"end":{"line":6,"column":47}},"2":{"start":{"line":8,"column":0},"end":{"line":68,"column":2}},"3":{"start":{"line":10,"column":4},"end":{"line":10,"column":101}},"4":{"start":{"line":10,"column":27},"end":{"line":10,"column":99}},"5":{"start":{"line":11,"column":4},"end":{"line":11,"column":105}},"6":{"start":{"line":11,"column":29},"end":{"line":11,"column":103}},"7":{"start":{"line":12,"column":4},"end":{"line":12,"column":31}},"8":{"start":{"line":13,"column":4},"end":{"line":13,"column":31}},"9":{"start":{"line":14,"column":4},"end":{"line":14,"column":35}},"10":{"start":{"line":15,"column":4},"end":{"line":15,"column":58}},"11":{"start":{"line":15,"column":27},"end":{"line":15,"column":56}},"12":{"start":{"line":16,"column":4},"end":{"line":16,"column":39}},"13":{"start":{"line":18,"column":4},"end":{"line":21,"column":7}},"14":{"start":{"line":19,"column":6},"end":{"line":19,"column":78}},"15":{"start":{"line":19,"column":17},"end":{"line":19,"column":76}},"16":{"start":{"line":20,"column":6},"end":{"line":20,"column":62}},"17":{"start":{"line":24,"column":4},"end":{"line":24,"column":39}},"18":{"start":{"line":25,"column":4},"end":{"line":25,"column":37}},"19":{"start":{"line":26,"column":4},"end":{"line":33,"column":15}},"20":{"start":{"line":31,"column":14},"end":{"line":31,"column":86}},"21":{"start":{"line":31,"column":25},"end":{"line":31,"column":84}},"22":{"start":{"line":32,"column":14},"end":{"line":32,"column":71}},"23":{"start":{"line":36,"column":4},"end":{"line":40,"column":7}},"24":{"start":{"line":37,"column":6},"end":{"line":37,"column":78}},"25":{"start":{"line":37,"column":17},"end":{"line":37,"column":76}},"26":{"start":{"line":38,"column":6},"end":{"line":38,"column":80}},"27":{"start":{"line":38,"column":17},"end":{"line":38,"column":78}},"28":{"start":{"line":39,"column":6},"end":{"line":39,"column":67}},"29":{"start":{"line":43,"column":4},"end":{"line":52,"column":7}},"30":{"start":{"line":44,"column":6},"end":{"line":44,"column":78}},"31":{"start":{"line":44,"column":17},"end":{"line":44,"column":76}},"32":{"start":{"line":45,"column":6},"end":{"line":45,"column":57}},"33":{"start":{"line":45,"column":28},"end":{"line":45,"column":55}},"34":{"start":{"line":46,"column":6},"end":{"line":46,"column":63}},"35":{"start":{"line":46,"column":30},"end":{"line":46,"column":61}},"36":{"start":{"line":47,"column":6},"end":{"line":47,"column":34}},"37":{"start":{"line":48,"column":6},"end":{"line":51,"column":9}},"38":{"start":{"line":49,"column":8},"end":{"line":49,"column":80}},"39":{"start":{"line":49,"column":19},"end":{"line":49,"column":78}},"40":{"start":{"line":50,"column":8},"end":{"line":50,"column":69}},"41":{"start":{"line":55,"column":4},"end":{"line":60,"column":15}},"42":{"start":{"line":58,"column":14},"end":{"line":58,"column":86}},"43":{"start":{"line":58,"column":25},"end":{"line":58,"column":84}},"44":{"start":{"line":59,"column":14},"end":{"line":59,"column":75}},"45":{"start":{"line":63,"column":4},"end":{"line":66,"column":7}},"46":{"start":{"line":64,"column":6},"end":{"line":64,"column":78}},"47":{"start":{"line":64,"column":17},"end":{"line":64,"column":76}},"48":{"start":{"line":65,"column":6},"end":{"line":65,"column":68}},"49":{"start":{"line":70,"column":0},"end":{"line":70,"column":30}}},"branchMap":{"1":{"line":10,"type":"if","locations":[{"start":{"line":10,"column":4},"end":{"line":10,"column":4}},{"start":{"line":10,"column":4},"end":{"line":10,"column":4}}]},"2":{"line":11,"type":"if","locations":[{"start":{"line":11,"column":4},"end":{"line":11,"column":4}},{"start":{"line":11,"column":4},"end":{"line":11,"column":4}}]},"3":{"line":15,"type":"if","locations":[{"start":{"line":15,"column":4},"end":{"line":15,"column":4}},{"start":{"line":15,"column":4},"end":{"line":15,"column":4}}]},"4":{"line":19,"type":"if","locations":[{"start":{"line":19,"column":6},"end":{"line":19,"column":6}},{"start":{"line":19,"column":6},"end":{"line":19,"column":6}}]},"5":{"line":24,"type":"binary-expr","locations":[{"start":{"line":24,"column":18},"end":{"line":24,"column":33}},{"start":{"line":24,"column":37},"end":{"line":24,"column":38}}]},"6":{"line":25,"type":"binary-expr","locations":[{"start":{"line":25,"column":17},"end":{"line":25,"column":31}},{"start":{"line":25,"column":35},"end":{"line":25,"column":36}}]},"7":{"line":31,"type":"if","locations":[{"start":{"line":31,"column":14},"end":{"line":31,"column":14}},{"start":{"line":31,"column":14},"end":{"line":31,"column":14}}]},"8":{"line":37,"type":"if","locations":[{"start":{"line":37,"column":6},"end":{"line":37,"column":6}},{"start":{"line":37,"column":6},"end":{"line":37,"column":6}}]},"9":{"line":38,"type":"if","locations":[{"start":{"line":38,"column":6},"end":{"line":38,"column":6}},{"start":{"line":38,"column":6},"end":{"line":38,"column":6}}]},"10":{"line":44,"type":"if","locations":[{"start":{"line":44,"column":6},"end":{"line":44,"column":6}},{"start":{"line":44,"column":6},"end":{"line":44,"column":6}}]},"11":{"line":45,"type":"if","locations":[{"start":{"line":45,"column":6},"end":{"line":45,"column":6}},{"start":{"line":45,"column":6},"end":{"line":45,"column":6}}]},"12":{"line":46,"type":"if","locations":[{"start":{"line":46,"column":6},"end":{"line":46,"column":6}},{"start":{"line":46,"column":6},"end":{"line":46,"column":6}}]},"13":{"line":49,"type":"if","locations":[{"start":{"line":49,"column":8},"end":{"line":49,"column":8}},{"start":{"line":49,"column":8},"end":{"line":49,"column":8}}]},"14":{"line":58,"type":"if","locations":[{"start":{"line":58,"column":14},"end":{"line":58,"column":14}},{"start":{"line":58,"column":14},"end":{"line":58,"column":14}}]},"15":{"line":64,"type":"if","locations":[{"start":{"line":64,"column":6},"end":{"line":64,"column":6}},{"start":{"line":64,"column":6},"end":{"line":64,"column":6}}]}}},"/Users/estherdamakahindi/Desktop/projects/Checkpoints/CheckPoint3/doc-api/server/models/document.js":{"path":"/Users/estherdamakahindi/Desktop/projects/Checkpoints/CheckPoint3/doc-api/server/models/document.js","s":{"1":1,"2":1,"3":1,"4":1},"b":{},"f":{},"fnMap":{},"statementMap":{"1":{"start":{"line":1,"column":0},"end":{"line":1,"column":37}},"2":{"start":{"line":3,"column":0},"end":{"line":3,"column":31}},"3":{"start":{"line":5,"column":0},"end":{"line":32,"column":3}},"4":{"start":{"line":35,"column":0},"end":{"line":35,"column":60}}},"branchMap":{}},"/Users/estherdamakahindi/Desktop/projects/Checkpoints/CheckPoint3/doc-api/server/routes/role.js":{"path":"/Users/estherdamakahindi/Desktop/projects/Checkpoints/CheckPoint3/doc-api/server/routes/role.js","s":{"1":1,"2":1,"3":1,"4":1,"5":1,"6":1,"7":1,"8":1},"b":{},"f":{},"fnMap":{},"statementMap":{"1":{"start":{"line":2,"column":0},"end":{"line":2,"column":35}},"2":{"start":{"line":4,"column":0},"end":{"line":4,"column":32}},"3":{"start":{"line":6,"column":0},"end":{"line":6,"column":44}},"4":{"start":{"line":7,"column":0},"end":{"line":7,"column":52}},"5":{"start":{"line":9,"column":0},"end":{"line":9,"column":24}},"6":{"start":{"line":10,"column":0},"end":{"line":12,"column":37}},"7":{"start":{"line":14,"column":0},"end":{"line":17,"column":43}},"8":{"start":{"line":19,"column":0},"end":{"line":19,"column":24}}},"branchMap":{}},"/Users/estherdamakahindi/Desktop/projects/Checkpoints/CheckPoint3/doc-api/server/controllers/role.js":{"path":"/Users/estherdamakahindi/Desktop/projects/Checkpoints/CheckPoint3/doc-api/server/controllers/role.js","s":{"1":1,"2":1,"3":3,"4":1,"5":2,"6":2,"7":2,"8":2,"9":1,"10":1,"11":2,"12":2,"13":0,"14":2,"15":2,"16":2,"17":1,"18":1,"19":3,"20":3,"21":1,"22":2,"23":2,"24":2,"25":1,"26":1,"27":2,"28":2,"29":1,"30":1,"31":1},"b":{"1":[1,2],"2":[1,1],"3":[0,2],"4":[1,1],"5":[1,2],"6":[1,1],"7":[1,1]},"f":{"1":3,"2":2,"3":2,"4":3,"5":2},"fnMap":{"1":{"name":"(anonymous_1)","line":9,"loc":{"start":{"line":9,"column":8},"end":{"line":9,"column":19}}},"2":{"name":"(anonymous_2)","line":18,"loc":{"start":{"line":18,"column":5},"end":{"line":18,"column":16}}},"3":{"name":"(anonymous_3)","line":24,"loc":{"start":{"line":24,"column":5},"end":{"line":24,"column":16}}},"4":{"name":"(anonymous_4)","line":30,"loc":{"start":{"line":30,"column":8},"end":{"line":30,"column":19}}},"5":{"name":"(anonymous_5)","line":41,"loc":{"start":{"line":41,"column":8},"end":{"line":41,"column":19}}}},"statementMap":{"1":{"start":{"line":6,"column":0},"end":{"line":6,"column":39}},"2":{"start":{"line":8,"column":0},"end":{"line":47,"column":2}},"3":{"start":{"line":10,"column":4},"end":{"line":10,"column":101}},"4":{"start":{"line":10,"column":27},"end":{"line":10,"column":99}},"5":{"start":{"line":11,"column":4},"end":{"line":11,"column":27}},"6":{"start":{"line":12,"column":4},"end":{"line":12,"column":31}},"7":{"start":{"line":13,"column":4},"end":{"line":16,"column":7}},"8":{"start":{"line":14,"column":6},"end":{"line":14,"column":78}},"9":{"start":{"line":14,"column":17},"end":{"line":14,"column":76}},"10":{"start":{"line":15,"column":6},"end":{"line":15,"column":58}},"11":{"start":{"line":19,"column":4},"end":{"line":22,"column":7}},"12":{"start":{"line":20,"column":6},"end":{"line":20,"column":78}},"13":{"start":{"line":20,"column":17},"end":{"line":20,"column":76}},"14":{"start":{"line":21,"column":6},"end":{"line":21,"column":65}},"15":{"start":{"line":25,"column":4},"end":{"line":28,"column":7}},"16":{"start":{"line":26,"column":6},"end":{"line":26,"column":78}},"17":{"start":{"line":26,"column":17},"end":{"line":26,"column":76}},"18":{"start":{"line":27,"column":6},"end":{"line":27,"column":58}},"19":{"start":{"line":31,"column":4},"end":{"line":38,"column":7}},"20":{"start":{"line":32,"column":6},"end":{"line":32,"column":78}},"21":{"start":{"line":32,"column":17},"end":{"line":32,"column":76}},"22":{"start":{"line":33,"column":6},"end":{"line":33,"column":34}},"23":{"start":{"line":34,"column":6},"end":{"line":37,"column":9}},"24":{"start":{"line":35,"column":8},"end":{"line":35,"column":80}},"25":{"start":{"line":35,"column":19},"end":{"line":35,"column":78}},"26":{"start":{"line":36,"column":8},"end":{"line":36,"column":60}},"27":{"start":{"line":42,"column":4},"end":{"line":45,"column":7}},"28":{"start":{"line":43,"column":6},"end":{"line":43,"column":78}},"29":{"start":{"line":43,"column":17},"end":{"line":43,"column":76}},"30":{"start":{"line":44,"column":6},"end":{"line":44,"column":52}},"31":{"start":{"line":49,"column":0},"end":{"line":49,"column":26}}},"branchMap":{"1":{"line":10,"type":"if","locations":[{"start":{"line":10,"column":4},"end":{"line":10,"column":4}},{"start":{"line":10,"column":4},"end":{"line":10,"column":4}}]},"2":{"line":14,"type":"if","locations":[{"start":{"line":14,"column":6},"end":{"line":14,"column":6}},{"start":{"line":14,"column":6},"end":{"line":14,"column":6}}]},"3":{"line":20,"type":"if","locations":[{"start":{"line":20,"column":6},"end":{"line":20,"column":6}},{"start":{"line":20,"column":6},"end":{"line":20,"column":6}}]},"4":{"line":26,"type":"if","locations":[{"start":{"line":26,"column":6},"end":{"line":26,"column":6}},{"start":{"line":26,"column":6},"end":{"line":26,"column":6}}]},"5":{"line":32,"type":"if","locations":[{"start":{"line":32,"column":6},"end":{"line":32,"column":6}},{"start":{"line":32,"column":6},"end":{"line":32,"column":6}}]},"6":{"line":35,"type":"if","locations":[{"start":{"line":35,"column":8},"end":{"line":35,"column":8}},{"start":{"line":35,"column":8},"end":{"line":35,"column":8}}]},"7":{"line":43,"type":"if","locations":[{"start":{"line":43,"column":6},"end":{"line":43,"column":6}},{"start":{"line":43,"column":6},"end":{"line":43,"column":6}}]}}},"/Users/estherdamakahindi/Desktop/projects/Checkpoints/CheckPoint3/doc-api/server/models/role.js":{"path":"/Users/estherdamakahindi/Desktop/projects/Checkpoints/CheckPoint3/doc-api/server/models/role.js","s":{"1":1,"2":1,"3":1,"4":1},"b":{},"f":{},"fnMap":{},"statementMap":{"1":{"start":{"line":1,"column":0},"end":{"line":1,"column":37}},"2":{"start":{"line":3,"column":0},"end":{"line":3,"column":31}},"3":{"start":{"line":5,"column":0},"end":{"line":12,"column":3}},"4":{"start":{"line":14,"column":0},"end":{"line":14,"column":52}}},"branchMap":{}},"/Users/estherdamakahindi/Desktop/projects/Checkpoints/CheckPoint3/doc-api/server/routes/user.js":{"path":"/Users/estherdamakahindi/Desktop/projects/Checkpoints/CheckPoint3/doc-api/server/routes/user.js","s":{"1":1,"2":1,"3":1,"4":1,"5":1,"6":1,"7":1,"8":1,"9":1,"10":1},"b":{},"f":{},"fnMap":{},"statementMap":{"1":{"start":{"line":2,"column":0},"end":{"line":2,"column":35}},"2":{"start":{"line":4,"column":0},"end":{"line":4,"column":32}},"3":{"start":{"line":5,"column":0},"end":{"line":5,"column":44}},"4":{"start":{"line":6,"column":0},"end":{"line":6,"column":55}},"5":{"start":{"line":8,"column":0},"end":{"line":9,"column":20}},"6":{"start":{"line":11,"column":0},"end":{"line":12,"column":21}},"7":{"start":{"line":14,"column":0},"end":{"line":14,"column":27}},"8":{"start":{"line":16,"column":0},"end":{"line":17,"column":17}},"9":{"start":{"line":19,"column":0},"end":{"line":22,"column":20}},"10":{"start":{"line":24,"column":0},"end":{"line":24,"column":24}}},"branchMap":{}},"/Users/estherdamakahindi/Desktop/projects/Checkpoints/CheckPoint3/doc-api/server/controllers/user.js":{"path":"/Users/estherdamakahindi/Desktop/projects/Checkpoints/CheckPoint3/doc-api/server/controllers/user.js","s":{"1":1,"2":1,"3":1,"4":1,"5":6,"6":1,"7":5,"8":1,"9":4,"10":1,"11":3,"12":1,"13":2,"14":1,"15":1,"16":1,"17":1,"18":1,"19":1,"20":1,"21":1,"22":1,"23":1,"24":0,"25":1,"26":1,"27":1,"28":0,"29":1,"30":0,"31":0,"32":0,"33":0,"34":0,"35":1,"36":1,"37":0,"38":1,"39":1,"40":1,"41":0,"42":1,"43":1,"44":1,"45":0,"46":1,"47":0,"48":1,"49":1,"50":1,"51":0,"52":1,"53":0,"54":1,"55":0,"56":1,"57":1,"58":0,"59":1,"60":1,"61":1,"62":0,"63":1,"64":9,"65":9,"66":0,"67":9,"68":1,"69":8,"70":8,"71":0,"72":8,"73":8,"74":8,"75":0,"76":8,"77":1},"b":{"1":[1,5],"2":[1,4],"3":[1,3],"4":[1,2],"5":[1,1],"6":[1,0],"7":[0,1],"8":[0,1],"9":[0,0],"10":[0,1],"11":[0,1],"12":[0,1],"13":[0,1],"14":[1,0],"15":[0,1],"16":[0,1],"17":[0,1],"18":[0,1],"19":[0,1],"20":[0,9],"21":[1,8],"22":[8,0],"23":[0,8],"24":[0,8]},"f":{"1":6,"2":1,"3":1,"4":1,"5":1,"6":9},"fnMap":{"1":{"name":"(anonymous_1)","line":11,"loc":{"start":{"line":11,"column":8},"end":{"line":11,"column":19}}},"2":{"name":"(anonymous_2)","line":41,"loc":{"start":{"line":41,"column":5},"end":{"line":41,"column":16}}},"3":{"name":"(anonymous_3)","line":47,"loc":{"start":{"line":47,"column":5},"end":{"line":47,"column":16}}},"4":{"name":"(anonymous_4)","line":53,"loc":{"start":{"line":53,"column":8},"end":{"line":53,"column":19}}},"5":{"name":"(anonymous_5)","line":67,"loc":{"start":{"line":67,"column":8},"end":{"line":67,"column":19}}},"6":{"name":"(anonymous_6)","line":73,"loc":{"start":{"line":73,"column":7},"end":{"line":73,"column":18}}}},"statementMap":{"1":{"start":{"line":6,"column":0},"end":{"line":6,"column":39}},"2":{"start":{"line":7,"column":0},"end":{"line":7,"column":39}},"3":{"start":{"line":8,"column":0},"end":{"line":8,"column":36}},"4":{"start":{"line":10,"column":0},"end":{"line":87,"column":2}},"5":{"start":{"line":12,"column":4},"end":{"line":12,"column":107}},"6":{"start":{"line":12,"column":30},"end":{"line":12,"column":105}},"7":{"start":{"line":13,"column":4},"end":{"line":13,"column":111}},"8":{"start":{"line":13,"column":32},"end":{"line":13,"column":109}},"9":{"start":{"line":14,"column":4},"end":{"line":14,"column":109}},"10":{"start":{"line":14,"column":31},"end":{"line":14,"column":107}},"11":{"start":{"line":15,"column":4},"end":{"line":15,"column":101}},"12":{"start":{"line":15,"column":27},"end":{"line":15,"column":99}},"13":{"start":{"line":16,"column":4},"end":{"line":16,"column":107}},"14":{"start":{"line":16,"column":30},"end":{"line":16,"column":105}},"15":{"start":{"line":17,"column":4},"end":{"line":17,"column":27}},"16":{"start":{"line":18,"column":4},"end":{"line":18,"column":37}},"17":{"start":{"line":19,"column":4},"end":{"line":19,"column":41}},"18":{"start":{"line":20,"column":4},"end":{"line":20,"column":39}},"19":{"start":{"line":21,"column":4},"end":{"line":21,"column":31}},"20":{"start":{"line":22,"column":4},"end":{"line":22,"column":55}},"21":{"start":{"line":24,"column":4},"end":{"line":39,"column":5}},"22":{"start":{"line":25,"column":6},"end":{"line":32,"column":9}},"23":{"start":{"line":26,"column":8},"end":{"line":26,"column":80}},"24":{"start":{"line":26,"column":19},"end":{"line":26,"column":78}},"25":{"start":{"line":27,"column":8},"end":{"line":27,"column":29}},"26":{"start":{"line":28,"column":8},"end":{"line":31,"column":11}},"27":{"start":{"line":29,"column":10},"end":{"line":29,"column":82}},"28":{"start":{"line":29,"column":21},"end":{"line":29,"column":80}},"29":{"start":{"line":30,"column":10},"end":{"line":30,"column":62}},"30":{"start":{"line":34,"column":6},"end":{"line":34,"column":31}},"31":{"start":{"line":35,"column":6},"end":{"line":38,"column":9}},"32":{"start":{"line":36,"column":8},"end":{"line":36,"column":80}},"33":{"start":{"line":36,"column":19},"end":{"line":36,"column":78}},"34":{"start":{"line":37,"column":8},"end":{"line":37,"column":60}},"35":{"start":{"line":42,"column":4},"end":{"line":45,"column":7}},"36":{"start":{"line":43,"column":6},"end":{"line":43,"column":78}},"37":{"start":{"line":43,"column":17},"end":{"line":43,"column":76}},"38":{"start":{"line":44,"column":6},"end":{"line":44,"column":59}},"39":{"start":{"line":48,"column":4},"end":{"line":51,"column":7}},"40":{"start":{"line":49,"column":6},"end":{"line":49,"column":78}},"41":{"start":{"line":49,"column":17},"end":{"line":49,"column":76}},"42":{"start":{"line":50,"column":6},"end":{"line":50,"column":58}},"43":{"start":{"line":54,"column":4},"end":{"line":65,"column":7}},"44":{"start":{"line":55,"column":6},"end":{"line":55,"column":78}},"45":{"start":{"line":55,"column":17},"end":{"line":55,"column":76}},"46":{"start":{"line":56,"column":6},"end":{"line":56,"column":67}},"47":{"start":{"line":56,"column":31},"end":{"line":56,"column":65}},"48":{"start":{"line":57,"column":6},"end":{"line":57,"column":73}},"49":{"start":{"line":57,"column":33},"end":{"line":57,"column":71}},"50":{"start":{"line":58,"column":6},"end":{"line":58,"column":70}},"51":{"start":{"line":58,"column":32},"end":{"line":58,"column":68}},"52":{"start":{"line":59,"column":6},"end":{"line":59,"column":58}},"53":{"start":{"line":59,"column":28},"end":{"line":59,"column":56}},"54":{"start":{"line":60,"column":6},"end":{"line":60,"column":86}},"55":{"start":{"line":60,"column":31},"end":{"line":60,"column":84}},"56":{"start":{"line":61,"column":6},"end":{"line":64,"column":9}},"57":{"start":{"line":62,"column":8},"end":{"line":62,"column":80}},"58":{"start":{"line":62,"column":19},"end":{"line":62,"column":78}},"59":{"start":{"line":63,"column":8},"end":{"line":63,"column":60}},"60":{"start":{"line":68,"column":4},"end":{"line":71,"column":7}},"61":{"start":{"line":69,"column":6},"end":{"line":69,"column":78}},"62":{"start":{"line":69,"column":17},"end":{"line":69,"column":76}},"63":{"start":{"line":70,"column":6},"end":{"line":70,"column":64}},"64":{"start":{"line":74,"column":4},"end":{"line":85,"column":7}},"65":{"start":{"line":75,"column":6},"end":{"line":75,"column":78}},"66":{"start":{"line":75,"column":17},"end":{"line":75,"column":76}},"67":{"start":{"line":76,"column":6},"end":{"line":76,"column":93}},"68":{"start":{"line":76,"column":19},"end":{"line":76,"column":91}},"69":{"start":{"line":77,"column":6},"end":{"line":84,"column":7}},"70":{"start":{"line":78,"column":8},"end":{"line":78,"column":128}},"71":{"start":{"line":78,"column":54},"end":{"line":78,"column":126}},"72":{"start":{"line":79,"column":8},"end":{"line":79,"column":82}},"73":{"start":{"line":80,"column":8},"end":{"line":83,"column":11}},"74":{"start":{"line":81,"column":10},"end":{"line":81,"column":82}},"75":{"start":{"line":81,"column":21},"end":{"line":81,"column":80}},"76":{"start":{"line":82,"column":10},"end":{"line":82,"column":98}},"77":{"start":{"line":89,"column":0},"end":{"line":89,"column":26}}},"branchMap":{"1":{"line":12,"type":"if","locations":[{"start":{"line":12,"column":4},"end":{"line":12,"column":4}},{"start":{"line":12,"column":4},"end":{"line":12,"column":4}}]},"2":{"line":13,"type":"if","locations":[{"start":{"line":13,"column":4},"end":{"line":13,"column":4}},{"start":{"line":13,"column":4},"end":{"line":13,"column":4}}]},"3":{"line":14,"type":"if","locations":[{"start":{"line":14,"column":4},"end":{"line":14,"column":4}},{"start":{"line":14,"column":4},"end":{"line":14,"column":4}}]},"4":{"line":15,"type":"if","locations":[{"start":{"line":15,"column":4},"end":{"line":15,"column":4}},{"start":{"line":15,"column":4},"end":{"line":15,"column":4}}]},"5":{"line":16,"type":"if","locations":[{"start":{"line":16,"column":4},"end":{"line":16,"column":4}},{"start":{"line":16,"column":4},"end":{"line":16,"column":4}}]},"6":{"line":24,"type":"if","locations":[{"start":{"line":24,"column":4},"end":{"line":24,"column":4}},{"start":{"line":24,"column":4},"end":{"line":24,"column":4}}]},"7":{"line":26,"type":"if","locations":[{"start":{"line":26,"column":8},"end":{"line":26,"column":8}},{"start":{"line":26,"column":8},"end":{"line":26,"column":8}}]},"8":{"line":29,"type":"if","locations":[{"start":{"line":29,"column":10},"end":{"line":29,"column":10}},{"start":{"line":29,"column":10},"end":{"line":29,"column":10}}]},"9":{"line":36,"type":"if","locations":[{"start":{"line":36,"column":8},"end":{"line":36,"column":8}},{"start":{"line":36,"column":8},"end":{"line":36,"column":8}}]},"10":{"line":43,"type":"if","locations":[{"start":{"line":43,"column":6},"end":{"line":43,"column":6}},{"start":{"line":43,"column":6},"end":{"line":43,"column":6}}]},"11":{"line":49,"type":"if","locations":[{"start":{"line":49,"column":6},"end":{"line":49,"column":6}},{"start":{"line":49,"column":6},"end":{"line":49,"column":6}}]},"12":{"line":55,"type":"if","locations":[{"start":{"line":55,"column":6},"end":{"line":55,"column":6}},{"start":{"line":55,"column":6},"end":{"line":55,"column":6}}]},"13":{"line":56,"type":"if","locations":[{"start":{"line":56,"column":6},"end":{"line":56,"column":6}},{"start":{"line":56,"column":6},"end":{"line":56,"column":6}}]},"14":{"line":57,"type":"if","locations":[{"start":{"line":57,"column":6},"end":{"line":57,"column":6}},{"start":{"line":57,"column":6},"end":{"line":57,"column":6}}]},"15":{"line":58,"type":"if","locations":[{"start":{"line":58,"column":6},"end":{"line":58,"column":6}},{"start":{"line":58,"column":6},"end":{"line":58,"column":6}}]},"16":{"line":59,"type":"if","locations":[{"start":{"line":59,"column":6},"end":{"line":59,"column":6}},{"start":{"line":59,"column":6},"end":{"line":59,"column":6}}]},"17":{"line":60,"type":"if","locations":[{"start":{"line":60,"column":6},"end":{"line":60,"column":6}},{"start":{"line":60,"column":6},"end":{"line":60,"column":6}}]},"18":{"line":62,"type":"if","locations":[{"start":{"line":62,"column":8},"end":{"line":62,"column":8}},{"start":{"line":62,"column":8},"end":{"line":62,"column":8}}]},"19":{"line":69,"type":"if","locations":[{"start":{"line":69,"column":6},"end":{"line":69,"column":6}},{"start":{"line":69,"column":6},"end":{"line":69,"column":6}}]},"20":{"line":75,"type":"if","locations":[{"start":{"line":75,"column":6},"end":{"line":75,"column":6}},{"start":{"line":75,"column":6},"end":{"line":75,"column":6}}]},"21":{"line":76,"type":"if","locations":[{"start":{"line":76,"column":6},"end":{"line":76,"column":6}},{"start":{"line":76,"column":6},"end":{"line":76,"column":6}}]},"22":{"line":77,"type":"if","locations":[{"start":{"line":77,"column":6},"end":{"line":77,"column":6}},{"start":{"line":77,"column":6},"end":{"line":77,"column":6}}]},"23":{"line":78,"type":"if","locations":[{"start":{"line":78,"column":8},"end":{"line":78,"column":8}},{"start":{"line":78,"column":8},"end":{"line":78,"column":8}}]},"24":{"line":81,"type":"if","locations":[{"start":{"line":81,"column":10},"end":{"line":81,"column":10}},{"start":{"line":81,"column":10},"end":{"line":81,"column":10}}]}}},"/Users/estherdamakahindi/Desktop/projects/Checkpoints/CheckPoint3/doc-api/server/models/user.js":{"path":"/Users/estherdamakahindi/Desktop/projects/Checkpoints/CheckPoint3/doc-api/server/models/user.js","s":{"1":1,"2":1,"3":1,"4":1,"5":1,"6":1,"7":1,"8":8,"9":1},"b":{},"f":{"1":1,"2":8},"fnMap":{"1":{"name":"(anonymous_1)","line":41,"loc":{"start":{"line":41,"column":34},"end":{"line":41,"column":54}}},"2":{"name":"(anonymous_2)","line":46,"loc":{"start":{"line":46,"column":35},"end":{"line":46,"column":55}}}},"statementMap":{"1":{"start":{"line":2,"column":0},"end":{"line":2,"column":37}},"2":{"start":{"line":3,"column":0},"end":{"line":3,"column":40}},"3":{"start":{"line":5,"column":0},"end":{"line":5,"column":31}},"4":{"start":{"line":7,"column":0},"end":{"line":38,"column":3}},"5":{"start":{"line":41,"column":0},"end":{"line":43,"column":2}},"6":{"start":{"line":42,"column":2},"end":{"line":42,"column":64}},"7":{"start":{"line":46,"column":0},"end":{"line":48,"column":2}},"8":{"start":{"line":47,"column":2},"end":{"line":47,"column":53}},"9":{"start":{"line":50,"column":0},"end":{"line":50,"column":52}}},"branchMap":{}}}