TN:
SF:/Users/estherdamakahindi/Desktop/projects/Checkpoints/CheckPoint3/doc-api/server.js
FNF:0
FNH:0
DA:2,1
DA:3,1
DA:4,1
DA:6,1
DA:7,1
DA:8,1
DA:9,1
DA:11,1
DA:12,1
DA:13,1
DA:14,1
DA:17,1
DA:18,1
DA:19,1
DA:20,1
DA:21,0
DA:26,1
DA:27,1
DA:28,1
DA:30,1
DA:31,1
DA:32,0
DA:34,1
DA:37,1
LF:24
LH:22
BRDA:17,1,0,1
BRDA:17,1,1,1
BRDA:20,2,0,0
BRDA:20,2,1,1
BRDA:31,3,0,0
BRDA:31,3,1,1
BRF:6
BRH:4
end_of_record
TN:
SF:/Users/estherdamakahindi/Desktop/projects/Checkpoints/CheckPoint3/doc-api/config/config.js
FNF:0
FNH:0
DA:1,1
LF:1
LH:1
BRF:0
BRH:0
end_of_record
TN:
SF:/Users/estherdamakahindi/Desktop/projects/Checkpoints/CheckPoint3/doc-api/server/routes/document.js
FNF:0
FNH:0
DA:2,1
DA:3,1
DA:5,1
DA:6,1
DA:9,1
DA:11,1
DA:15,1
DA:20,1
DA:23,1
LF:9
LH:9
BRF:0
BRH:0
end_of_record
TN:
SF:/Users/estherdamakahindi/Desktop/projects/Checkpoints/CheckPoint3/doc-api/server/controllers/middleware.js
FN:10,(anonymous_1)
FN:22,(anonymous_2)
FNF:2
FNH:2
FNDA:74,(anonymous_1)
FNDA:13,(anonymous_2)
DA:6,1
DA:7,1
DA:9,1
DA:11,74
DA:12,74
DA:13,73
DA:14,73
DA:15,73
DA:16,73
DA:19,1
DA:23,13
DA:24,12
DA:28,1
LF:13
LH:13
BRDA:11,1,0,74
BRDA:11,1,1,74
BRDA:11,1,2,74
BRDA:12,2,0,73
BRDA:12,2,1,1
BRDA:14,3,0,0
BRDA:14,3,1,73
BRDA:23,4,0,1
BRDA:23,4,1,12
BRF:9
BRH:8
end_of_record
TN:
SF:/Users/estherdamakahindi/Desktop/projects/Checkpoints/CheckPoint3/doc-api/server/controllers/document.js
FN:9,(anonymous_1)
FN:23,(anonymous_2)
FN:35,(anonymous_3)
FN:42,(anonymous_4)
FN:54,(anonymous_5)
FN:62,(anonymous_6)
FNF:6
FNH:5
FNDA:7,(anonymous_1)
FNDA:3,(anonymous_2)
FNDA:1,(anonymous_3)
FNDA:2,(anonymous_4)
FNDA:0,(anonymous_5)
FNDA:2,(anonymous_6)
DA:6,1
DA:8,1
DA:10,7
DA:11,6
DA:12,5
DA:13,5
DA:14,5
DA:15,5
DA:16,5
DA:18,5
DA:19,5
DA:20,5
DA:24,3
DA:25,3
DA:26,3
DA:31,3
DA:32,3
DA:36,1
DA:37,1
DA:38,1
DA:39,0
DA:43,2
DA:44,2
DA:45,1
DA:46,1
DA:47,1
DA:48,1
DA:49,1
DA:50,1
DA:55,0
DA:58,0
DA:59,0
DA:63,2
DA:64,2
DA:65,1
DA:70,1
LF:36
LH:32
BRDA:10,1,0,1
BRDA:10,1,1,6
BRDA:11,2,0,1
BRDA:11,2,1,5
BRDA:15,3,0,1
BRDA:15,3,1,4
BRDA:19,4,0,0
BRDA:19,4,1,5
BRDA:24,5,0,3
BRDA:24,5,1,2
BRDA:25,6,0,3
BRDA:25,6,1,3
BRDA:31,7,0,0
BRDA:31,7,1,3
BRDA:37,8,0,0
BRDA:37,8,1,1
BRDA:38,9,0,1
BRDA:38,9,1,0
BRDA:44,10,0,1
BRDA:44,10,1,1
BRDA:45,11,0,1
BRDA:45,11,1,0
BRDA:46,12,0,0
BRDA:46,12,1,1
BRDA:49,13,0,0
BRDA:49,13,1,1
BRDA:58,14,0,0
BRDA:58,14,1,0
BRDA:64,15,0,1
BRDA:64,15,1,1
BRF:30
BRH:21
end_of_record
TN:
SF:/Users/estherdamakahindi/Desktop/projects/Checkpoints/CheckPoint3/doc-api/server/models/document.js
FNF:0
FNH:0
DA:1,1
DA:3,1
DA:5,1
DA:35,1
LF:4
LH:4
BRF:0
BRH:0
end_of_record
TN:
SF:/Users/estherdamakahindi/Desktop/projects/Checkpoints/CheckPoint3/doc-api/server/routes/role.js
FNF:0
FNH:0
DA:2,1
DA:4,1
DA:6,1
DA:7,1
DA:9,1
DA:10,1
DA:14,1
DA:19,1
LF:8
LH:8
BRF:0
BRH:0
end_of_record
TN:
SF:/Users/estherdamakahindi/Desktop/projects/Checkpoints/CheckPoint3/doc-api/server/controllers/role.js
FN:9,(anonymous_1)
FN:18,(anonymous_2)
FN:24,(anonymous_3)
FN:30,(anonymous_4)
FN:41,(anonymous_5)
FNF:5
FNH:5
FNDA:3,(anonymous_1)
FNDA:2,(anonymous_2)
FNDA:2,(anonymous_3)
FNDA:3,(anonymous_4)
FNDA:2,(anonymous_5)
DA:6,1
DA:8,1
DA:10,3
DA:11,2
DA:12,2
DA:13,2
DA:14,2
DA:15,1
DA:19,2
DA:20,2
DA:21,2
DA:25,2
DA:26,2
DA:27,1
DA:31,3
DA:32,3
DA:33,2
DA:34,2
DA:35,2
DA:36,1
DA:42,2
DA:43,2
DA:44,1
DA:49,1
LF:24
LH:24
BRDA:10,1,0,1
BRDA:10,1,1,2
BRDA:14,2,0,1
BRDA:14,2,1,1
BRDA:20,3,0,0
BRDA:20,3,1,2
BRDA:26,4,0,1
BRDA:26,4,1,1
BRDA:32,5,0,1
BRDA:32,5,1,2
BRDA:35,6,0,1
BRDA:35,6,1,1
BRDA:43,7,0,1
BRDA:43,7,1,1
BRF:14
BRH:13
end_of_record
TN:
SF:/Users/estherdamakahindi/Desktop/projects/Checkpoints/CheckPoint3/doc-api/server/models/role.js
FNF:0
FNH:0
DA:1,1
DA:3,1
DA:5,1
DA:14,1
LF:4
LH:4
BRF:0
BRH:0
end_of_record
TN:
SF:/Users/estherdamakahindi/Desktop/projects/Checkpoints/CheckPoint3/doc-api/server/routes/user.js
FNF:0
FNH:0
DA:2,1
DA:4,1
DA:5,1
DA:6,1
DA:8,1
DA:11,1
DA:14,1
DA:16,1
DA:19,1
DA:24,1
LF:10
LH:10
BRF:0
BRH:0
end_of_record
TN:
SF:/Users/estherdamakahindi/Desktop/projects/Checkpoints/CheckPoint3/doc-api/server/controllers/user.js
FN:11,(anonymous_1)
FN:41,(anonymous_2)
FN:47,(anonymous_3)
FN:53,(anonymous_4)
FN:67,(anonymous_5)
FN:73,(anonymous_6)
FNF:6
FNH:6
FNDA:6,(anonymous_1)
FNDA:1,(anonymous_2)
FNDA:1,(anonymous_3)
FNDA:1,(anonymous_4)
FNDA:1,(anonymous_5)
FNDA:28,(anonymous_6)
DA:6,1
DA:7,1
DA:8,1
DA:10,1
DA:12,6
DA:13,5
DA:14,4
DA:15,3
DA:16,2
DA:17,1
DA:18,1
DA:19,1
DA:20,1
DA:21,1
DA:22,1
DA:24,1
DA:25,1
DA:26,1
DA:27,1
DA:28,1
DA:29,1
DA:30,1
DA:34,0
DA:35,0
DA:36,0
DA:37,0
DA:42,1
DA:43,1
DA:44,1
DA:48,1
DA:49,1
DA:50,1
DA:54,1
DA:55,1
DA:56,1
DA:57,1
DA:58,1
DA:59,1
DA:60,1
DA:61,1
DA:62,1
DA:63,1
DA:68,1
DA:69,1
DA:70,1
DA:74,28
DA:75,28
DA:76,28
DA:77,27
DA:78,27
DA:79,27
DA:80,27
DA:81,27
DA:82,27
DA:89,1
LF:55
LH:51
BRDA:12,1,0,1
BRDA:12,1,1,5
BRDA:13,2,0,1
BRDA:13,2,1,4
BRDA:14,3,0,1
BRDA:14,3,1,3
BRDA:15,4,0,1
BRDA:15,4,1,2
BRDA:16,5,0,1
BRDA:16,5,1,1
BRDA:24,6,0,1
BRDA:24,6,1,0
BRDA:26,7,0,0
BRDA:26,7,1,1
BRDA:29,8,0,0
BRDA:29,8,1,1
BRDA:36,9,0,0
BRDA:36,9,1,0
BRDA:43,10,0,0
BRDA:43,10,1,1
BRDA:49,11,0,0
BRDA:49,11,1,1
BRDA:55,12,0,0
BRDA:55,12,1,1
BRDA:56,13,0,0
BRDA:56,13,1,1
BRDA:57,14,0,1
BRDA:57,14,1,0
BRDA:58,15,0,0
BRDA:58,15,1,1
BRDA:59,16,0,0
BRDA:59,16,1,1
BRDA:60,17,0,0
BRDA:60,17,1,1
BRDA:62,18,0,0
BRDA:62,18,1,1
BRDA:69,19,0,0
BRDA:69,19,1,1
BRDA:75,20,0,0
BRDA:75,20,1,28
BRDA:76,21,0,1
BRDA:76,21,1,27
BRDA:77,22,0,27
BRDA:77,22,1,0
BRDA:78,23,0,0
BRDA:78,23,1,27
BRDA:81,24,0,0
BRDA:81,24,1,27
BRF:48
BRH:29
end_of_record
TN:
SF:/Users/estherdamakahindi/Desktop/projects/Checkpoints/CheckPoint3/doc-api/server/models/user.js
FN:41,(anonymous_1)
FN:46,(anonymous_2)
FNF:2
FNH:2
FNDA:1,(anonymous_1)
FNDA:27,(anonymous_2)
DA:2,1
DA:3,1
DA:5,1
DA:7,1
DA:41,1
DA:42,1
DA:46,1
DA:47,27
DA:50,1
LF:9
LH:9
BRF:0
BRH:0
end_of_record
