TN:
SF:/Users/estherdamakahindi/Desktop/projects/Checkpoints/CheckPoint3/doc-api/server.js
FN:18,(anonymous_1)
FN:29,onStart
FNF:2
FNH:1
FNDA:1,(anonymous_1)
FNDA:0,onStart
DA:1,1
DA:2,1
DA:3,1
DA:5,1
DA:6,1
DA:7,1
DA:8,1
DA:10,1
DA:11,1
DA:12,1
DA:13,1
DA:16,1
DA:17,1
DA:18,1
DA:19,1
DA:20,0
DA:25,1
DA:26,1
DA:27,1
DA:29,1
DA:30,0
DA:31,0
DA:33,0
DA:36,1
LF:24
LH:20
BRDA:16,1,0,1
BRDA:16,1,1,1
BRDA:19,2,0,0
BRDA:19,2,1,1
BRDA:30,3,0,0
BRDA:30,3,1,0
BRF:6
BRH:3
end_of_record
TN:
SF:/Users/estherdamakahindi/Desktop/projects/Checkpoints/CheckPoint3/doc-api/config/config.js
FNF:0
FNH:0
DA:1,1
LF:1
LH:1
BRF:0
BRH:0
end_of_record
TN:
SF:/Users/estherdamakahindi/Desktop/projects/Checkpoints/CheckPoint3/doc-api/server/routes/document.js
FNF:0
FNH:0
DA:1,1
DA:2,1
DA:3,1
DA:4,1
DA:5,1
DA:12,1
DA:14,1
DA:21,1
DA:26,1
DA:30,1
LF:10
LH:10
BRF:0
BRH:0
end_of_record
TN:
SF:/Users/estherdamakahindi/Desktop/projects/Checkpoints/CheckPoint3/doc-api/server/controllers/middleware.js
FN:6,(anonymous_1)
FN:9,(anonymous_2)
FN:33,(anonymous_3)
FNF:3
FNH:3
FNDA:48,(anonymous_1)
FNDA:47,(anonymous_2)
FNDA:7,(anonymous_3)
DA:1,1
DA:2,1
DA:5,1
DA:7,48
DA:8,48
DA:9,47
DA:10,47
DA:11,0
DA:19,47
DA:20,47
DA:25,1
DA:34,7
DA:35,6
DA:37,1
DA:45,1
LF:15
LH:14
BRDA:7,1,0,48
BRDA:7,1,1,48
BRDA:7,1,2,48
BRDA:8,2,0,47
BRDA:8,2,1,1
BRDA:10,3,0,0
BRDA:10,3,1,47
BRDA:34,4,0,6
BRDA:34,4,1,1
BRF:9
BRH:8
end_of_record
TN:
SF:/Users/estherdamakahindi/Desktop/projects/Checkpoints/CheckPoint3/doc-api/server/controllers/document.js
FN:5,(anonymous_1)
FN:23,(anonymous_2)
FN:37,(anonymous_3)
FN:50,(anonymous_4)
FN:64,(anonymous_5)
FN:65,(anonymous_6)
FN:84,(anonymous_7)
FN:85,(anonymous_8)
FN:99,(anonymous_9)
FN:116,(anonymous_10)
FN:119,(anonymous_11)
FN:133,(anonymous_12)
FN:138,(anonymous_13)
FN:152,(anonymous_14)
FN:155,(anonymous_15)
FNF:15
FNH:11
FNDA:4,(anonymous_1)
FNDA:2,(anonymous_2)
FNDA:3,(anonymous_3)
FNDA:3,(anonymous_4)
FNDA:1,(anonymous_5)
FNDA:1,(anonymous_6)
FNDA:1,(anonymous_7)
FNDA:1,(anonymous_8)
FNDA:1,(anonymous_9)
FNDA:0,(anonymous_10)
FNDA:0,(anonymous_11)
FNDA:0,(anonymous_12)
FNDA:0,(anonymous_13)
FNDA:1,(anonymous_14)
FNDA:1,(anonymous_15)
DA:2,1
DA:4,1
DA:6,4
DA:7,1
DA:12,3
DA:13,1
DA:18,2
DA:19,2
DA:20,2
DA:21,2
DA:23,2
DA:24,2
DA:25,0
DA:30,2
DA:38,3
DA:40,2
DA:42,3
DA:44,3
DA:46,3
DA:51,3
DA:52,0
DA:57,3
DA:65,1
DA:66,1
DA:67,0
DA:72,1
DA:73,1
DA:77,0
DA:85,1
DA:86,1
DA:87,0
DA:92,1
DA:93,1
DA:95,1
DA:96,0
DA:98,1
DA:99,1
DA:100,1
DA:101,0
DA:106,1
DA:117,0
DA:120,0
DA:121,0
DA:126,0
DA:134,0
DA:139,0
DA:140,0
DA:145,0
DA:153,1
DA:156,1
DA:157,0
DA:162,1
DA:171,1
LF:53
LH:37
BRDA:6,1,0,1
BRDA:6,1,1,3
BRDA:12,2,0,1
BRDA:12,2,1,2
BRDA:24,3,0,0
BRDA:24,3,1,2
BRDA:38,4,0,2
BRDA:38,4,1,1
BRDA:42,5,0,3
BRDA:42,5,1,0
BRDA:51,6,0,0
BRDA:51,6,1,3
BRDA:66,7,0,0
BRDA:66,7,1,1
BRDA:72,8,0,1
BRDA:72,8,1,0
BRDA:86,9,0,0
BRDA:86,9,1,1
BRDA:92,10,0,1
BRDA:92,10,1,0
BRDA:95,11,0,0
BRDA:95,11,1,1
BRDA:100,12,0,0
BRDA:100,12,1,1
BRDA:120,13,0,0
BRDA:120,13,1,0
BRDA:139,14,0,0
BRDA:139,14,1,0
BRDA:156,15,0,0
BRDA:156,15,1,1
BRF:30
BRH:16
end_of_record
TN:
SF:/Users/estherdamakahindi/Desktop/projects/Checkpoints/CheckPoint3/doc-api/server/models/document.js
FNF:0
FNH:0
DA:1,1
DA:2,1
DA:4,1
DA:34,1
LF:4
LH:4
BRF:0
BRH:0
end_of_record
TN:
SF:/Users/estherdamakahindi/Desktop/projects/Checkpoints/CheckPoint3/doc-api/server/routes/role.js
FNF:0
FNH:0
DA:1,1
DA:2,1
DA:4,1
DA:5,1
DA:6,1
DA:9,1
DA:10,1
DA:14,1
DA:19,1
LF:9
LH:9
BRF:0
BRH:0
end_of_record
TN:
SF:/Users/estherdamakahindi/Desktop/projects/Checkpoints/CheckPoint3/doc-api/server/controllers/role.js
FN:4,(anonymous_1)
FN:13,(anonymous_2)
FN:27,(anonymous_3)
FN:28,(anonymous_4)
FN:42,(anonymous_5)
FN:43,(anonymous_6)
FN:57,(anonymous_7)
FN:58,(anonymous_8)
FN:66,(anonymous_9)
FN:84,(anonymous_10)
FN:87,(anonymous_11)
FNF:11
FNH:11
FNDA:1,(anonymous_1)
FNDA:1,(anonymous_2)
FNDA:2,(anonymous_3)
FNDA:2,(anonymous_4)
FNDA:1,(anonymous_5)
FNDA:1,(anonymous_6)
FNDA:1,(anonymous_7)
FNDA:1,(anonymous_8)
FNDA:1,(anonymous_9)
FNDA:1,(anonymous_10)
FNDA:1,(anonymous_11)
DA:1,1
DA:3,1
DA:5,1
DA:6,0
DA:11,1
DA:12,1
DA:13,1
DA:14,1
DA:15,0
DA:20,1
DA:28,2
DA:29,2
DA:30,0
DA:35,2
DA:43,1
DA:44,1
DA:45,0
DA:50,1
DA:58,1
DA:59,1
DA:60,0
DA:65,1
DA:66,1
DA:67,1
DA:68,0
DA:73,1
DA:85,1
DA:88,1
DA:89,0
DA:94,1
DA:103,1
LF:31
LH:24
BRDA:5,1,0,0
BRDA:5,1,1,1
BRDA:14,2,0,0
BRDA:14,2,1,1
BRDA:29,3,0,0
BRDA:29,3,1,2
BRDA:44,4,0,0
BRDA:44,4,1,1
BRDA:59,5,0,0
BRDA:59,5,1,1
BRDA:67,6,0,0
BRDA:67,6,1,1
BRDA:88,7,0,0
BRDA:88,7,1,1
BRF:14
BRH:7
end_of_record
TN:
SF:/Users/estherdamakahindi/Desktop/projects/Checkpoints/CheckPoint3/doc-api/server/models/role.js
FNF:0
FNH:0
DA:1,1
DA:2,1
DA:4,1
DA:13,1
LF:4
LH:4
BRF:0
BRH:0
end_of_record
TN:
SF:/Users/estherdamakahindi/Desktop/projects/Checkpoints/CheckPoint3/doc-api/server/routes/user.js
FNF:0
FNH:0
DA:1,1
DA:2,1
DA:4,1
DA:5,1
DA:6,1
DA:8,1
DA:11,1
DA:14,1
DA:17,1
DA:20,1
DA:24,1
DA:28,1
LF:12
LH:12
BRF:0
BRH:0
end_of_record
TN:
SF:/Users/estherdamakahindi/Desktop/projects/Checkpoints/CheckPoint3/doc-api/server/controllers/user.js
FN:6,(anonymous_1)
FN:47,(anonymous_2)
FN:55,(anonymous_3)
FN:72,(anonymous_4)
FN:88,(anonymous_5)
FN:89,(anonymous_6)
FN:100,(anonymous_7)
FN:101,(anonymous_8)
FN:113,(anonymous_9)
FN:116,(anonymous_10)
FN:130,(anonymous_11)
FN:133,(anonymous_12)
FN:155,(anonymous_13)
FN:178,(anonymous_14)
FNF:14
FNH:12
FNDA:1,(anonymous_1)
FNDA:1,(anonymous_2)
FNDA:1,(anonymous_3)
FNDA:0,(anonymous_4)
FNDA:1,(anonymous_5)
FNDA:1,(anonymous_6)
FNDA:1,(anonymous_7)
FNDA:1,(anonymous_8)
FNDA:1,(anonymous_9)
FNDA:1,(anonymous_10)
FNDA:21,(anonymous_11)
FNDA:21,(anonymous_12)
FNDA:21,(anonymous_13)
FNDA:0,(anonymous_14)
DA:1,1
DA:2,1
DA:3,1
DA:5,1
DA:7,1
DA:8,0
DA:13,1
DA:14,0
DA:19,1
DA:20,0
DA:25,1
DA:26,0
DA:31,1
DA:32,0
DA:37,1
DA:38,1
DA:39,1
DA:40,1
DA:41,1
DA:42,1
DA:44,1
DA:45,1
DA:48,1
DA:49,0
DA:54,1
DA:55,1
DA:56,1
DA:57,0
DA:62,1
DA:71,0
DA:72,0
DA:73,0
DA:74,0
DA:79,0
DA:89,1
DA:90,1
DA:91,0
DA:96,1
DA:101,1
DA:102,1
DA:103,0
DA:108,1
DA:114,1
DA:117,1
DA:118,0
DA:123,1
DA:131,21
DA:134,21
DA:135,0
DA:139,21
DA:140,0
DA:144,21
DA:145,21
DA:146,0
DA:151,21
DA:154,21
DA:155,21
DA:156,21
DA:157,0
DA:163,21
DA:179,0
DA:180,0
DA:187,1
LF:63
LH:42
BRDA:7,1,0,0
BRDA:7,1,1,1
BRDA:13,2,0,0
BRDA:13,2,1,1
BRDA:19,3,0,0
BRDA:19,3,1,1
BRDA:25,4,0,0
BRDA:25,4,1,1
BRDA:31,5,0,0
BRDA:31,5,1,1
BRDA:44,6,0,1
BRDA:44,6,1,0
BRDA:48,7,0,0
BRDA:48,7,1,1
BRDA:56,8,0,0
BRDA:56,8,1,1
BRDA:73,9,0,0
BRDA:73,9,1,0
BRDA:90,10,0,0
BRDA:90,10,1,1
BRDA:102,11,0,0
BRDA:102,11,1,1
BRDA:117,12,0,0
BRDA:117,12,1,1
BRDA:134,13,0,0
BRDA:134,13,1,21
BRDA:139,14,0,0
BRDA:139,14,1,21
BRDA:144,15,0,21
BRDA:144,15,1,0
BRDA:145,16,0,0
BRDA:145,16,1,21
BRDA:156,17,0,0
BRDA:156,17,1,21
BRF:34
BRH:16
end_of_record
TN:
SF:/Users/estherdamakahindi/Desktop/projects/Checkpoints/CheckPoint3/doc-api/server/models/user.js
FN:43,(anonymous_1)
FN:48,(anonymous_2)
FNF:2
FNH:0
FNDA:0,(anonymous_1)
FNDA:0,(anonymous_2)
DA:1,1
DA:2,1
DA:3,1
DA:5,1
DA:43,1
DA:44,0
DA:48,1
DA:49,0
DA:52,1
LF:9
LH:7
BRF:0
BRH:0
end_of_record
